<?xml version="1.0" encoding="utf-8"?>
<CoverageSession xmlns:xsd="http://www.w3.org/2001/XMLSchema" xmlns:xsi="http://www.w3.org/2001/XMLSchema-instance">
  <Summary numSequencePoints="174" visitedSequencePoints="100" numBranchPoints="142" visitedBranchPoints="75" sequenceCoverage="57.47" branchCoverage="52.82" maxCyclomaticComplexity="13" minCyclomaticComplexity="1" visitedClasses="5" numClasses="13" visitedMethods="18" numMethods="40" />
  <Modules>
    <Module skippedDueTo="Filter" hash="4C-39-F2-37-40-B1-C4-8A-F9-84-DB-18-56-B5-F9-F6-90-0B-5C-58">
      <FullName>C:\Windows\assembly\GAC_64\mscorlib\2.0.0.0__b77a5c561934e089\mscorlib.dll</FullName>
      <ModuleName>mscorlib</ModuleName>
      <Classes />
    </Module>
    <Module skippedDueTo="Filter" hash="F9-04-A8-31-CD-FB-23-72-95-63-5D-14-9A-A0-66-8E-7F-44-93-7A">
      <FullName>C:\Windows\assembly\GAC_64\mscorlib\2.0.0.0__b77a5c561934e089\sorttbls.nlp</FullName>
      <ModuleName>mscorlib</ModuleName>
      <Classes />
    </Module>
    <Module skippedDueTo="Filter" hash="9F-C3-2E-51-B5-EB-69-B9-60-21-42-1F-17-25-12-07-16-11-20-50">
      <FullName>K:\workbench\programming\c#\Riichi.NET\packages\NUnit.Runners.2.6.4\tools\nunit-console.exe</FullName>
      <ModuleName>nunit-console</ModuleName>
      <Classes />
    </Module>
    <Module skippedDueTo="Filter" hash="F2-ED-FF-09-01-C9-D7-BC-29-AC-A6-93-C5-97-8A-0D-43-DD-8D-F2">
      <FullName>K:\workbench\programming\c#\Riichi.NET\packages\NUnit.Runners.2.6.4\tools\lib\nunit-console-runner.dll</FullName>
      <ModuleName>nunit-console-runner</ModuleName>
      <Classes />
    </Module>
    <Module skippedDueTo="Filter" hash="36-B9-FF-C0-07-EA-59-4D-23-2E-FD-CD-5A-45-CF-C0-2C-42-2A-98">
      <FullName>K:\workbench\programming\c#\Riichi.NET\packages\NUnit.Runners.2.6.4\tools\lib\nunit.core.dll</FullName>
      <ModuleName>nunit.core</ModuleName>
      <Classes />
    </Module>
    <Module skippedDueTo="Filter" hash="14-C3-4B-3E-39-7A-EE-C0-B9-2F-83-44-2F-04-8A-F7-48-7B-67-DE">
      <FullName>K:\workbench\programming\c#\Riichi.NET\packages\NUnit.Runners.2.6.4\tools\lib\nunit.util.dll</FullName>
      <ModuleName>nunit.util</ModuleName>
      <Classes />
    </Module>
    <Module skippedDueTo="Filter" hash="5E-95-A6-AD-88-48-98-B1-62-7F-4E-5A-C1-0E-F3-B7-85-56-44-E8">
      <FullName>K:\workbench\programming\c#\Riichi.NET\packages\NUnit.Runners.2.6.4\tools\lib\nunit.core.interfaces.dll</FullName>
      <ModuleName>nunit.core.interfaces</ModuleName>
      <Classes />
    </Module>
    <Module skippedDueTo="Filter" hash="6E-30-2E-50-36-FB-60-2C-8E-50-C0-83-54-8B-CC-EA-A8-91-B6-CC">
      <FullName>C:\Windows\assembly\GAC_64\mscorlib\2.0.0.0__b77a5c561934e089\sortkey.nlp</FullName>
      <ModuleName>mscorlib</ModuleName>
      <Classes />
    </Module>
    <Module skippedDueTo="Filter" hash="55-BA-A4-A1-F6-E9-77-45-55-59-ED-C2-F7-90-65-6A-E2-0A-F0-D1">
      <FullName>C:\Windows\assembly\GAC_MSIL\System.Configuration\2.0.0.0__b03f5f7f11d50a3a\System.Configuration.dll</FullName>
      <ModuleName>System.Configuration</ModuleName>
      <Classes />
    </Module>
    <Module skippedDueTo="Filter" hash="5B-58-14-72-A0-28-85-4B-B5-A1-BA-11-BB-9D-9D-05-65-A3-5E-54">
      <FullName>C:\Windows\assembly\GAC_MSIL\System\2.0.0.0__b77a5c561934e089\System.dll</FullName>
      <ModuleName>System</ModuleName>
      <Classes />
    </Module>
    <Module skippedDueTo="Filter" hash="06-27-0C-FC-C3-23-F5-AA-2C-D5-FE-4B-08-2E-CE-01-09-7B-2F-D1">
      <FullName>C:\Windows\assembly\GAC_MSIL\System.Xml\2.0.0.0__b77a5c561934e089\System.Xml.dll</FullName>
      <ModuleName>System.Xml</ModuleName>
      <Classes />
    </Module>
    <Module skippedDueTo="Filter" hash="CB-29-2C-91-2E-AE-28-D8-A5-84-C7-B9-DB-F2-0B-51-CC-CD-72-80">
      <FullName>C:\Windows\assembly\GAC_MSIL\System.Runtime.Remoting\2.0.0.0__b77a5c561934e089\System.Runtime.Remoting.dll</FullName>
      <ModuleName>System.Runtime.Remoting</ModuleName>
      <Classes />
    </Module>
    <Module skippedDueTo="Filter" hash="1D-A5-B7-AD-2A-0A-94-95-46-18-54-5A-A0-42-F0-E4-82-00-13-E8">
      <FullName>C:\Windows\Microsoft.Net\assembly\GAC_64\mscorlib\v4.0_4.0.0.0__b77a5c561934e089\mscorlib.dll</FullName>
      <ModuleName>mscorlib</ModuleName>
      <Classes />
    </Module>
    <Module skippedDueTo="Filter" hash="E8-07-A4-A1-06-33-5B-A6-17-CF-DC-6F-28-47-58-85-D6-9F-6B-46">
      <FullName>K:\workbench\programming\c#\Riichi.NET\packages\NUnit.Runners.2.6.4\tools\nunit-agent.exe</FullName>
      <ModuleName>nunit-agent</ModuleName>
      <Classes />
    </Module>
    <Module skippedDueTo="Filter" hash="36-B9-FF-C0-07-EA-59-4D-23-2E-FD-CD-5A-45-CF-C0-2C-42-2A-98">
      <FullName>K:\workbench\programming\c#\Riichi.NET\packages\NUnit.Runners.2.6.4\tools\lib\nunit.core.dll</FullName>
      <ModuleName>nunit.core</ModuleName>
      <Classes />
    </Module>
    <Module skippedDueTo="Filter" hash="14-C3-4B-3E-39-7A-EE-C0-B9-2F-83-44-2F-04-8A-F7-48-7B-67-DE">
      <FullName>K:\workbench\programming\c#\Riichi.NET\packages\NUnit.Runners.2.6.4\tools\lib\nunit.util.dll</FullName>
      <ModuleName>nunit.util</ModuleName>
      <Classes />
    </Module>
    <Module skippedDueTo="Filter" hash="5E-95-A6-AD-88-48-98-B1-62-7F-4E-5A-C1-0E-F3-B7-85-56-44-E8">
      <FullName>K:\workbench\programming\c#\Riichi.NET\packages\NUnit.Runners.2.6.4\tools\lib\nunit.core.interfaces.dll</FullName>
      <ModuleName>nunit.core.interfaces</ModuleName>
      <Classes />
    </Module>
    <Module skippedDueTo="Filter" hash="31-4C-59-B7-5C-AF-0C-72-D6-7E-ED-4D-87-55-B7-49-31-7E-69-0F">
      <FullName>C:\Windows\Microsoft.Net\assembly\GAC_MSIL\System\v4.0_4.0.0.0__b77a5c561934e089\System.dll</FullName>
      <ModuleName>System</ModuleName>
      <Classes />
    </Module>
    <Module skippedDueTo="Filter" hash="E0-F1-79-63-0F-43-2B-D0-42-64-3B-65-A6-A2-45-73-1F-DD-FC-3F">
      <FullName>C:\Windows\Microsoft.Net\assembly\GAC_MSIL\System.Runtime.Remoting\v4.0_4.0.0.0__b77a5c561934e089\System.Runtime.Remoting.dll</FullName>
      <ModuleName>System.Runtime.Remoting</ModuleName>
      <Classes />
    </Module>
    <Module skippedDueTo="Filter" hash="AD-56-8F-5F-20-FC-6D-01-BA-F5-88-25-06-84-53-56-62-E9-A7-DA">
      <FullName>C:\Windows\Microsoft.Net\assembly\GAC_MSIL\System.Configuration\v4.0_4.0.0.0__b03f5f7f11d50a3a\System.Configuration.dll</FullName>
      <ModuleName>System.Configuration</ModuleName>
      <Classes />
    </Module>
    <Module skippedDueTo="Filter" hash="2E-7C-50-4B-F1-9F-44-D6-53-A0-86-3B-B1-FC-68-7E-74-0B-0F-A3">
      <FullName>C:\Windows\Microsoft.Net\assembly\GAC_MSIL\System.Xml\v4.0_4.0.0.0__b77a5c561934e089\System.Xml.dll</FullName>
      <ModuleName>System.Xml</ModuleName>
      <Classes />
    </Module>
    <Module skippedDueTo="Filter" hash="B8-6B-7E-F8-5B-AD-52-41-5E-C0-75-70-DD-97-65-29-2B-75-6E-FE">
      <FullName>C:\Windows\Microsoft.Net\assembly\GAC_64\System.Web\v4.0_4.0.0.0__b03f5f7f11d50a3a\System.Web.dll</FullName>
      <ModuleName>System.Web</ModuleName>
      <Classes />
    </Module>
    <Module skippedDueTo="Filter" hash="F0-D8-E5-F3-92-9D-DD-88-FB-F0-1F-35-BE-A4-55-4B-28-80-8F-88">
      <FullName>C:\Windows\assembly\GAC_64\System.Web\2.0.0.0__b03f5f7f11d50a3a\System.Web.dll</FullName>
      <ModuleName>System.Web</ModuleName>
      <Classes />
    </Module>
    <Module skippedDueTo="Filter" hash="36-B9-FF-C0-07-EA-59-4D-23-2E-FD-CD-5A-45-CF-C0-2C-42-2A-98">
      <FullName>K:\workbench\programming\c#\Riichi.NET\packages\NUnit.Runners.2.6.4\tools\lib\nunit.core.dll</FullName>
      <ModuleName>nunit.core</ModuleName>
      <Classes />
    </Module>
    <Module skippedDueTo="Filter" hash="31-4C-59-B7-5C-AF-0C-72-D6-7E-ED-4D-87-55-B7-49-31-7E-69-0F">
      <FullName>C:\Windows\Microsoft.Net\assembly\GAC_MSIL\System\v4.0_4.0.0.0__b77a5c561934e089\System.dll</FullName>
      <ModuleName>System</ModuleName>
      <Classes />
    </Module>
    <Module skippedDueTo="Filter" hash="2E-7C-50-4B-F1-9F-44-D6-53-A0-86-3B-B1-FC-68-7E-74-0B-0F-A3">
      <FullName>C:\Windows\Microsoft.Net\assembly\GAC_MSIL\System.Xml\v4.0_4.0.0.0__b77a5c561934e089\System.Xml.dll</FullName>
      <ModuleName>System.Xml</ModuleName>
      <Classes />
    </Module>
    <Module skippedDueTo="Filter" hash="53-25-23-C6-63-70-35-C6-0C-82-04-1A-0A-BF-1A-E7-1F-EA-74-A3">
      <FullName>K:\workbench\programming\c#\Riichi.NET\packages\NUnit.Runners.2.6.4\tools\pnunit.framework.dll</FullName>
      <ModuleName>pnunit.framework</ModuleName>
      <Classes />
    </Module>
    <Module skippedDueTo="Filter" hash="21-69-E9-47-C6-F8-02-12-31-E6-18-DE-8E-43-24-C9-AB-F7-C2-BE">
      <FullName>K:\workbench\programming\c#\Riichi.NET\packages\NUnit.Runners.2.6.4\tools\pnunit-agent.exe</FullName>
      <ModuleName>pnunit-agent</ModuleName>
      <Classes />
    </Module>
    <Module skippedDueTo="Filter" hash="5E-95-A6-AD-88-48-98-B1-62-7F-4E-5A-C1-0E-F3-B7-85-56-44-E8">
      <FullName>K:\workbench\programming\c#\Riichi.NET\packages\NUnit.Runners.2.6.4\tools\lib\nunit.core.interfaces.dll</FullName>
      <ModuleName>nunit.core.interfaces</ModuleName>
      <Classes />
    </Module>
    <Module skippedDueTo="Filter" hash="79-CC-B7-98-0D-BD-DB-D5-1B-1F-E1-A6-5B-14-A0-09-E6-45-13-48">
      <FullName>K:\workbench\programming\c#\Riichi.NET\RiichiSharp.Tests\bin\Debug\RiichiSharp.Tests.dll</FullName>
      <ModuleName>RiichiSharp.Tests</ModuleName>
      <Classes />
    </Module>
    <Module skippedDueTo="Filter" hash="A2-D0-DB-C9-20-FB-37-90-D4-D6-25-E5-C4-7B-E0-42-CA-32-C0-51">
      <FullName>K:\workbench\programming\c#\Riichi.NET\RiichiSharp.Tests\bin\Debug\nunit.framework.dll</FullName>
      <ModuleName>nunit.framework</ModuleName>
      <Classes />
    </Module>
    <Module hash="67-AE-9B-4F-DD-70-B8-34-52-6F-63-11-2C-4C-31-DD-68-0D-16-D2">
      <Summary numSequencePoints="174" visitedSequencePoints="100" numBranchPoints="142" visitedBranchPoints="75" sequenceCoverage="57.47" branchCoverage="52.82" maxCyclomaticComplexity="13" minCyclomaticComplexity="1" visitedClasses="5" numClasses="13" visitedMethods="18" numMethods="40" />
      <FullName>K:\workbench\programming\c#\Riichi.NET\RiichiSharp.Tests\bin\Debug\RiichiSharp.dll</FullName>
      <ModuleName>RiichiSharp</ModuleName>
      <Files>
        <File uid="1" fullPath="k:\workbench\programming\c#\Riichi.NET\RiichiSharp\Analysis\Meld.cs" />
        <File uid="3" fullPath="k:\workbench\programming\c#\Riichi.NET\RiichiSharp\Rules\Exceptions.cs" />
        <File uid="5" fullPath="k:\workbench\programming\c#\Riichi.NET\RiichiSharp\Analysis\Yaku.cs" />
        <File uid="6" fullPath="k:\workbench\programming\c#\Riichi.NET\RiichiSharp\Analysis\YakuDetails.cs" />
        <File uid="7" fullPath="k:\workbench\programming\c#\Riichi.NET\RiichiSharp\Hand.cs" />
        <File uid="8" fullPath="k:\workbench\programming\c#\Riichi.NET\RiichiSharp\Rules\MahjongGame.cs" />
        <File uid="10" fullPath="k:\workbench\programming\c#\Riichi.NET\RiichiSharp\Tile.cs" />
        <File uid="13" fullPath="k:\workbench\programming\c#\Riichi.NET\RiichiSharp\Utilities\LINQExtensions.cs" />
      </Files>
      <Classes>
        <Class>
          <Summary numSequencePoints="0" visitedSequencePoints="0" numBranchPoints="0" visitedBranchPoints="0" sequenceCoverage="0" branchCoverage="0" maxCyclomaticComplexity="0" minCyclomaticComplexity="0" visitedClasses="0" numClasses="0" visitedMethods="0" numMethods="0" />
          <FullName>&lt;Module&gt;</FullName>
          <Methods />
        </Class>
        <Class>
          <Summary numSequencePoints="0" visitedSequencePoints="0" numBranchPoints="0" visitedBranchPoints="0" sequenceCoverage="0" branchCoverage="0" maxCyclomaticComplexity="1" minCyclomaticComplexity="1" visitedClasses="0" numClasses="0" visitedMethods="0" numMethods="0" />
          <FullName>RiichiSharp.Analysis.HandAnalyzer</FullName>
          <Methods>
            <Method visited="false" cyclomaticComplexity="1" sequenceCoverage="0" branchCoverage="0" isConstructor="true" isStatic="false" isGetter="false" isSetter="false">
              <Summary numSequencePoints="0" visitedSequencePoints="0" numBranchPoints="0" visitedBranchPoints="0" sequenceCoverage="0" branchCoverage="0" maxCyclomaticComplexity="1" minCyclomaticComplexity="1" visitedClasses="0" numClasses="0" visitedMethods="0" numMethods="0" />
              <MetadataToken>100663297</MetadataToken>
              <Name>System.Void RiichiSharp.Analysis.HandAnalyzer::.ctor()</Name>
              <SequencePoints />
              <BranchPoints />
              <MethodPoint vc="0" uspid="1" ordinal="0" offset="0" />
            </Method>
          </Methods>
        </Class>
        <Class>
          <Summary numSequencePoints="34" visitedSequencePoints="34" numBranchPoints="33" visitedBranchPoints="32" sequenceCoverage="100" branchCoverage="96.97" maxCyclomaticComplexity="12" minCyclomaticComplexity="1" visitedClasses="1" numClasses="1" visitedMethods="5" numMethods="5" />
          <FullName>RiichiSharp.Analysis.MeldExtensions</FullName>
          <Methods>
            <Method visited="true" cyclomaticComplexity="6" sequenceCoverage="100" branchCoverage="90.91" isConstructor="false" isStatic="true" isGetter="false" isSetter="false">
              <Summary numSequencePoints="6" visitedSequencePoints="6" numBranchPoints="11" visitedBranchPoints="10" sequenceCoverage="100" branchCoverage="90.91" maxCyclomaticComplexity="6" minCyclomaticComplexity="6" visitedClasses="0" numClasses="0" visitedMethods="1" numMethods="1" />
              <MetadataToken>100663298</MetadataToken>
              <Name>System.Boolean RiichiSharp.Analysis.MeldExtensions::IsSequence(System.Collections.Generic.IReadOnlyList`1&lt;RiichiSharp.Tile&gt;)</Name>
              <FileRef uid="1" />
              <SequencePoints>
                <SequencePoint vc="31" uspid="2" ordinal="0" offset="6" sl="46" sc="9" el="46" ec="10" bec="0" bev="0" fileid="1" />
                <SequencePoint vc="31" uspid="3" ordinal="1" offset="7" sl="47" sc="13" el="47" ec="63" bec="2" bev="2" fileid="1" />
                <SequencePoint vc="31" uspid="4" ordinal="2" offset="50" sl="48" sc="13" el="48" ec="40" bec="0" bev="0" fileid="1" />
                <SequencePoint vc="31" uspid="5" ordinal="3" offset="62" sl="49" sc="13" el="49" ec="80" bec="2" bev="2" fileid="1" />
                <SequencePoint vc="31" uspid="6" ordinal="4" offset="122" sl="51" sc="13" el="51" ec="137" bec="4" bev="4" fileid="1" />
                <SequencePoint vc="31" uspid="7" ordinal="5" offset="174" sl="52" sc="9" el="52" ec="10" bec="0" bev="0" fileid="1" />
              </SequencePoints>
              <BranchPoints>
                <BranchPoint vc="1" uspid="8" ordinal="0" offset="13" sl="47" path="0" offsetend="15" fileid="1" />
                <BranchPoint vc="30" uspid="9" ordinal="1" offset="13" sl="47" path="1" offsetend="34" fileid="1" />
                <BranchPoint vc="1" uspid="10" ordinal="2" offset="85" sl="49" path="0" offsetend="87" fileid="1" />
                <BranchPoint vc="30" uspid="11" ordinal="3" offset="85" sl="49" path="1" offsetend="106" fileid="1" />
                <BranchPoint vc="20" uspid="12" ordinal="4" offset="124" sl="51" path="0" offsetend="126" fileid="1" />
                <BranchPoint vc="18" uspid="13" ordinal="5" offset="124" sl="51" path="1" offsetend="169" fileid="1" />
                <BranchPoint vc="13" uspid="14" ordinal="6" offset="135" sl="51" path="0" offsetend="137" fileid="1" />
                <BranchPoint vc="7" uspid="15" ordinal="7" offset="135" sl="51" path="1" offsetend="169" fileid="1" />
                <BranchPoint vc="13" uspid="16" ordinal="8" offset="149" sl="51" path="0" offsetend="151" fileid="1" />
                <BranchPoint vc="0" uspid="17" ordinal="9" offset="149" sl="51" path="1" offsetend="169" fileid="1" />
              </BranchPoints>
              <MethodPoint vc="31" uspid="18" ordinal="0" offset="0" />
            </Method>
            <Method visited="true" cyclomaticComplexity="12" sequenceCoverage="100" branchCoverage="100" isConstructor="false" isStatic="true" isGetter="false" isSetter="false">
              <Summary numSequencePoints="25" visitedSequencePoints="25" numBranchPoints="19" visitedBranchPoints="19" sequenceCoverage="100" branchCoverage="100" maxCyclomaticComplexity="12" minCyclomaticComplexity="12" visitedClasses="0" numClasses="0" visitedMethods="1" numMethods="1" />
              <MetadataToken>100663299</MetadataToken>
              <Name>RiichiSharp.Analysis.MeldState RiichiSharp.Analysis.MeldExtensions::MeldState(System.Collections.Generic.IReadOnlyList`1&lt;RiichiSharp.Tile&gt;)</Name>
              <FileRef uid="1" />
              <SequencePoints>
                <SequencePoint vc="19" uspid="19" ordinal="0" offset="0" sl="55" sc="9" el="55" ec="10" bec="0" bev="0" fileid="1" />
                <SequencePoint vc="19" uspid="20" ordinal="1" offset="1" sl="56" sc="13" el="56" ec="47" bec="0" bev="0" fileid="1" />
                <SequencePoint vc="19" uspid="21" ordinal="2" offset="8" sl="57" sc="13" el="57" ec="68" bec="0" bev="0" fileid="1" />
                <SequencePoint vc="19" uspid="22" ordinal="3" offset="23" sl="59" sc="13" el="59" ec="33" bec="5" bev="5" fileid="1" />
                <SequencePoint vc="3" uspid="23" ordinal="4" offset="58" sl="63" sc="21" el="63" ec="58" bec="0" bev="0" fileid="1" />
                <SequencePoint vc="7" uspid="24" ordinal="5" offset="62" sl="65" sc="21" el="65" ec="44" bec="2" bev="2" fileid="1" />
                <SequencePoint vc="1" uspid="25" ordinal="6" offset="72" sl="66" sc="21" el="66" ec="22" bec="0" bev="0" fileid="1" />
                <SequencePoint vc="1" uspid="26" ordinal="7" offset="73" sl="67" sc="25" el="67" ec="56" bec="0" bev="0" fileid="1" />
                <SequencePoint vc="6" uspid="27" ordinal="8" offset="77" sl="69" sc="21" el="69" ec="81" bec="4" bev="4" fileid="1" />
                <SequencePoint vc="3" uspid="28" ordinal="9" offset="114" sl="70" sc="21" el="70" ec="22" bec="0" bev="0" fileid="1" />
                <SequencePoint vc="3" uspid="29" ordinal="10" offset="115" sl="71" sc="25" el="71" ec="62" bec="0" bev="0" fileid="1" />
                <SequencePoint vc="3" uspid="30" ordinal="11" offset="119" sl="73" sc="21" el="73" ec="34" bec="0" bev="0" fileid="1" />
                <SequencePoint vc="5" uspid="31" ordinal="12" offset="121" sl="75" sc="21" el="75" ec="44" bec="2" bev="2" fileid="1" />
                <SequencePoint vc="2" uspid="32" ordinal="13" offset="131" sl="76" sc="21" el="76" ec="22" bec="0" bev="0" fileid="1" />
                <SequencePoint vc="2" uspid="33" ordinal="14" offset="132" sl="77" sc="25" el="77" ec="55" bec="0" bev="0" fileid="1" />
                <SequencePoint vc="3" uspid="34" ordinal="15" offset="136" sl="79" sc="21" el="79" ec="34" bec="2" bev="2" fileid="1" />
                <SequencePoint vc="2" uspid="35" ordinal="16" offset="146" sl="80" sc="21" el="80" ec="22" bec="0" bev="0" fileid="1" />
                <SequencePoint vc="2" uspid="36" ordinal="17" offset="147" sl="81" sc="25" el="81" ec="55" bec="0" bev="0" fileid="1" />
                <SequencePoint vc="1" uspid="37" ordinal="18" offset="151" sl="83" sc="21" el="83" ec="34" bec="0" bev="0" fileid="1" />
                <SequencePoint vc="3" uspid="38" ordinal="19" offset="153" sl="85" sc="21" el="85" ec="44" bec="2" bev="2" fileid="1" />
                <SequencePoint vc="1" uspid="39" ordinal="20" offset="163" sl="86" sc="21" el="86" ec="22" bec="0" bev="0" fileid="1" />
                <SequencePoint vc="1" uspid="40" ordinal="21" offset="164" sl="87" sc="25" el="87" ec="55" bec="0" bev="0" fileid="1" />
                <SequencePoint vc="2" uspid="41" ordinal="22" offset="168" sl="89" sc="21" el="89" ec="34" bec="0" bev="0" fileid="1" />
                <SequencePoint vc="7" uspid="42" ordinal="23" offset="170" sl="91" sc="21" el="91" ec="55" bec="0" bev="0" fileid="1" />
                <SequencePoint vc="19" uspid="43" ordinal="24" offset="174" sl="93" sc="9" el="93" ec="10" bec="0" bev="0" fileid="1" />
              </SequencePoints>
              <BranchPoints>
                <BranchPoint vc="1" uspid="44" ordinal="0" offset="31" sl="59" path="0" offsetchain="56" offsetend="170" fileid="1" />
                <BranchPoint vc="3" uspid="45" ordinal="1" offset="31" sl="59" path="1" offsetend="58" fileid="1" />
                <BranchPoint vc="3" uspid="46" ordinal="2" offset="31" sl="59" path="2" offsetend="58" fileid="1" />
                <BranchPoint vc="7" uspid="47" ordinal="3" offset="31" sl="59" path="3" offsetend="62" fileid="1" />
                <BranchPoint vc="5" uspid="48" ordinal="4" offset="31" sl="59" path="4" offsetend="121" fileid="1" />
                <BranchPoint vc="3" uspid="49" ordinal="5" offset="31" sl="59" path="5" offsetend="153" fileid="1" />
                <BranchPoint vc="1" uspid="50" ordinal="6" offset="70" sl="65" path="0" offsetend="72" fileid="1" />
                <BranchPoint vc="6" uspid="51" ordinal="7" offset="70" sl="65" path="1" offsetend="77" fileid="1" />
                <BranchPoint vc="4" uspid="52" ordinal="8" offset="78" sl="69" path="0" offsetend="80" fileid="1" />
                <BranchPoint vc="2" uspid="53" ordinal="9" offset="78" sl="69" path="1" offsetend="106" fileid="1" />
                <BranchPoint vc="3" uspid="54" ordinal="10" offset="112" sl="69" path="0" offsetend="114" fileid="1" />
                <BranchPoint vc="3" uspid="55" ordinal="11" offset="112" sl="69" path="1" offsetchain="119" offsetend="170" fileid="1" />
                <BranchPoint vc="2" uspid="56" ordinal="12" offset="129" sl="75" path="0" offsetend="131" fileid="1" />
                <BranchPoint vc="3" uspid="57" ordinal="13" offset="129" sl="75" path="1" offsetend="136" fileid="1" />
                <BranchPoint vc="2" uspid="58" ordinal="14" offset="144" sl="79" path="0" offsetend="146" fileid="1" />
                <BranchPoint vc="1" uspid="59" ordinal="15" offset="144" sl="79" path="1" offsetchain="151" offsetend="170" fileid="1" />
                <BranchPoint vc="1" uspid="60" ordinal="16" offset="161" sl="85" path="0" offsetend="163" fileid="1" />
                <BranchPoint vc="2" uspid="61" ordinal="17" offset="161" sl="85" path="1" offsetchain="168" offsetend="170" fileid="1" />
              </BranchPoints>
              <MethodPoint xsi:type="SequencePoint" vc="19" uspid="19" ordinal="0" offset="0" sl="55" sc="9" el="55" ec="10" bec="0" bev="0" fileid="1" />
            </Method>
            <Method visited="true" cyclomaticComplexity="1" sequenceCoverage="100" branchCoverage="100" isConstructor="false" isStatic="true" isGetter="false" isSetter="false">
              <Summary numSequencePoints="1" visitedSequencePoints="1" numBranchPoints="1" visitedBranchPoints="1" sequenceCoverage="100" branchCoverage="100" maxCyclomaticComplexity="1" minCyclomaticComplexity="1" visitedClasses="0" numClasses="0" visitedMethods="1" numMethods="1" />
              <MetadataToken>100663300</MetadataToken>
              <Name>RiichiSharp.Suit RiichiSharp.Analysis.MeldExtensions::&lt;IsSequence&gt;b__0(RiichiSharp.Tile)</Name>
              <FileRef uid="1" />
              <SequencePoints>
                <SequencePoint vc="74" uspid="62" ordinal="0" offset="0" sl="47" sc="43" el="47" ec="51" bec="0" bev="0" fileid="1" />
              </SequencePoints>
              <BranchPoints />
              <MethodPoint xsi:type="SequencePoint" vc="74" uspid="62" ordinal="0" offset="0" sl="47" sc="43" el="47" ec="51" bec="0" bev="0" fileid="1" />
            </Method>
            <Method visited="true" cyclomaticComplexity="1" sequenceCoverage="100" branchCoverage="100" isConstructor="false" isStatic="true" isGetter="false" isSetter="false">
              <Summary numSequencePoints="1" visitedSequencePoints="1" numBranchPoints="1" visitedBranchPoints="1" sequenceCoverage="100" branchCoverage="100" maxCyclomaticComplexity="1" minCyclomaticComplexity="1" visitedClasses="0" numClasses="0" visitedMethods="1" numMethods="1" />
              <MetadataToken>100663301</MetadataToken>
              <Name>System.Int32 RiichiSharp.Analysis.MeldExtensions::&lt;IsSequence&gt;b__2(System.Int32)</Name>
              <FileRef uid="1" />
              <SequencePoints>
                <SequencePoint vc="74" uspid="63" ordinal="0" offset="0" sl="49" sc="70" el="49" ec="71" bec="0" bev="0" fileid="1" />
              </SequencePoints>
              <BranchPoints />
              <MethodPoint xsi:type="SequencePoint" vc="74" uspid="63" ordinal="0" offset="0" sl="49" sc="70" el="49" ec="71" bec="0" bev="0" fileid="1" />
            </Method>
            <Method visited="true" cyclomaticComplexity="1" sequenceCoverage="100" branchCoverage="100" isConstructor="true" isStatic="true" isGetter="false" isSetter="false">
              <Summary numSequencePoints="1" visitedSequencePoints="1" numBranchPoints="1" visitedBranchPoints="1" sequenceCoverage="100" branchCoverage="100" maxCyclomaticComplexity="1" minCyclomaticComplexity="1" visitedClasses="0" numClasses="0" visitedMethods="1" numMethods="1" />
              <MetadataToken>100663302</MetadataToken>
              <Name>System.Void RiichiSharp.Analysis.MeldExtensions::.cctor()</Name>
              <FileRef uid="1" />
              <SequencePoints>
                <SequencePoint vc="1" uspid="64" ordinal="0" offset="0" sl="43" sc="9" el="43" ec="98" bec="0" bev="0" fileid="1" />
              </SequencePoints>
              <BranchPoints />
              <MethodPoint xsi:type="SequencePoint" vc="1" uspid="64" ordinal="0" offset="0" sl="43" sc="9" el="43" ec="98" bec="0" bev="0" fileid="1" />
            </Method>
          </Methods>
        </Class>
        <Class>
          <Summary numSequencePoints="1" visitedSequencePoints="1" numBranchPoints="1" visitedBranchPoints="1" sequenceCoverage="100" branchCoverage="100" maxCyclomaticComplexity="1" minCyclomaticComplexity="1" visitedClasses="1" numClasses="1" visitedMethods="1" numMethods="1" />
          <FullName>RiichiSharp.Analysis.MeldExtensions/&lt;&gt;c__DisplayClass5</FullName>
          <Methods>
            <Method visited="true" cyclomaticComplexity="1" sequenceCoverage="0" branchCoverage="0" isConstructor="true" isStatic="false" isGetter="false" isSetter="false">
              <Summary numSequencePoints="0" visitedSequencePoints="0" numBranchPoints="0" visitedBranchPoints="0" sequenceCoverage="0" branchCoverage="0" maxCyclomaticComplexity="1" minCyclomaticComplexity="1" visitedClasses="0" numClasses="0" visitedMethods="0" numMethods="0" />
              <MetadataToken>100663393</MetadataToken>
              <Name>System.Void RiichiSharp.Analysis.MeldExtensions/&lt;&gt;c__DisplayClass5::.ctor()</Name>
              <SequencePoints />
              <BranchPoints />
              <MethodPoint vc="31" uspid="65" ordinal="0" offset="0" />
            </Method>
            <Method visited="true" cyclomaticComplexity="1" sequenceCoverage="100" branchCoverage="100" isConstructor="false" isStatic="false" isGetter="false" isSetter="false">
              <Summary numSequencePoints="1" visitedSequencePoints="1" numBranchPoints="1" visitedBranchPoints="1" sequenceCoverage="100" branchCoverage="100" maxCyclomaticComplexity="1" minCyclomaticComplexity="1" visitedClasses="0" numClasses="0" visitedMethods="1" numMethods="1" />
              <MetadataToken>100663394</MetadataToken>
              <Name>System.Int32 RiichiSharp.Analysis.MeldExtensions/&lt;&gt;c__DisplayClass5::&lt;IsSequence&gt;b__1(RiichiSharp.Tile)</Name>
              <FileRef uid="1" />
              <SequencePoints>
                <SequencePoint vc="74" uspid="66" ordinal="0" offset="0" sl="49" sc="43" el="49" ec="55" bec="0" bev="0" fileid="1" />
              </SequencePoints>
              <BranchPoints />
              <MethodPoint xsi:type="SequencePoint" vc="74" uspid="66" ordinal="0" offset="0" sl="49" sc="43" el="49" ec="55" bec="0" bev="0" fileid="1" />
            </Method>
          </Methods>
        </Class>
        <Class>
          <Summary numSequencePoints="3" visitedSequencePoints="0" numBranchPoints="1" visitedBranchPoints="0" sequenceCoverage="0" branchCoverage="0" maxCyclomaticComplexity="1" minCyclomaticComplexity="1" visitedClasses="0" numClasses="1" visitedMethods="0" numMethods="1" />
          <FullName>RiichiSharp.Rules.RoundRunningException</FullName>
          <Methods>
            <Method visited="false" cyclomaticComplexity="1" sequenceCoverage="0" branchCoverage="0" isConstructor="true" isStatic="false" isGetter="false" isSetter="false">
              <Summary numSequencePoints="3" visitedSequencePoints="0" numBranchPoints="1" visitedBranchPoints="0" sequenceCoverage="0" branchCoverage="0" maxCyclomaticComplexity="1" minCyclomaticComplexity="1" visitedClasses="0" numClasses="0" visitedMethods="0" numMethods="1" />
              <MetadataToken>100663303</MetadataToken>
              <Name>System.Void RiichiSharp.Rules.RoundRunningException::.ctor()</Name>
              <FileRef uid="3" />
              <SequencePoints>
                <SequencePoint vc="0" uspid="67" ordinal="0" offset="0" sl="31" sc="9" el="31" ec="78" bec="0" bev="0" fileid="3" />
                <SequencePoint vc="0" uspid="68" ordinal="1" offset="12" sl="31" sc="79" el="31" ec="80" bec="0" bev="0" fileid="3" />
                <SequencePoint vc="0" uspid="69" ordinal="2" offset="13" sl="31" sc="81" el="31" ec="82" bec="0" bev="0" fileid="3" />
              </SequencePoints>
              <BranchPoints />
              <MethodPoint xsi:type="SequencePoint" vc="0" uspid="67" ordinal="0" offset="0" sl="31" sc="9" el="31" ec="78" bec="0" bev="0" fileid="3" />
            </Method>
          </Methods>
        </Class>
        <Class>
          <Summary numSequencePoints="3" visitedSequencePoints="0" numBranchPoints="1" visitedBranchPoints="0" sequenceCoverage="0" branchCoverage="0" maxCyclomaticComplexity="1" minCyclomaticComplexity="1" visitedClasses="0" numClasses="1" visitedMethods="0" numMethods="1" />
          <FullName>RiichiSharp.Rules.GameOverException</FullName>
          <Methods>
            <Method visited="false" cyclomaticComplexity="1" sequenceCoverage="0" branchCoverage="0" isConstructor="true" isStatic="false" isGetter="false" isSetter="false">
              <Summary numSequencePoints="3" visitedSequencePoints="0" numBranchPoints="1" visitedBranchPoints="0" sequenceCoverage="0" branchCoverage="0" maxCyclomaticComplexity="1" minCyclomaticComplexity="1" visitedClasses="0" numClasses="0" visitedMethods="0" numMethods="1" />
              <MetadataToken>100663304</MetadataToken>
              <Name>System.Void RiichiSharp.Rules.GameOverException::.ctor()</Name>
              <FileRef uid="3" />
              <SequencePoints>
                <SequencePoint vc="0" uspid="70" ordinal="0" offset="0" sl="36" sc="9" el="36" ec="74" bec="0" bev="0" fileid="3" />
                <SequencePoint vc="0" uspid="71" ordinal="1" offset="12" sl="36" sc="75" el="36" ec="76" bec="0" bev="0" fileid="3" />
                <SequencePoint vc="0" uspid="72" ordinal="2" offset="13" sl="36" sc="76" el="36" ec="77" bec="0" bev="0" fileid="3" />
              </SequencePoints>
              <BranchPoints />
              <MethodPoint xsi:type="SequencePoint" vc="0" uspid="70" ordinal="0" offset="0" sl="36" sc="9" el="36" ec="74" bec="0" bev="0" fileid="3" />
            </Method>
          </Methods>
        </Class>
        <Class>
          <Summary numSequencePoints="0" visitedSequencePoints="0" numBranchPoints="0" visitedBranchPoints="0" sequenceCoverage="0" branchCoverage="0" maxCyclomaticComplexity="1" minCyclomaticComplexity="1" visitedClasses="0" numClasses="0" visitedMethods="0" numMethods="0" />
          <FullName>RiichiSharp.Rules.WinContext</FullName>
          <Methods>
            <Method visited="false" cyclomaticComplexity="1" sequenceCoverage="0" branchCoverage="0" isConstructor="false" isStatic="false" isGetter="true" isSetter="false">
              <Summary numSequencePoints="0" visitedSequencePoints="0" numBranchPoints="0" visitedBranchPoints="0" sequenceCoverage="0" branchCoverage="0" maxCyclomaticComplexity="1" minCyclomaticComplexity="1" visitedClasses="0" numClasses="0" visitedMethods="0" numMethods="0" />
              <MetadataToken>100663305</MetadataToken>
              <Name>RiichiSharp.Rules.Wind RiichiSharp.Rules.WinContext::get_SeatWind()</Name>
              <SequencePoints />
              <BranchPoints />
              <MethodPoint vc="0" uspid="73" ordinal="0" offset="0" />
            </Method>
            <Method visited="false" cyclomaticComplexity="1" sequenceCoverage="0" branchCoverage="0" isConstructor="false" isStatic="false" isGetter="false" isSetter="true">
              <Summary numSequencePoints="0" visitedSequencePoints="0" numBranchPoints="0" visitedBranchPoints="0" sequenceCoverage="0" branchCoverage="0" maxCyclomaticComplexity="1" minCyclomaticComplexity="1" visitedClasses="0" numClasses="0" visitedMethods="0" numMethods="0" />
              <MetadataToken>100663306</MetadataToken>
              <Name>System.Void RiichiSharp.Rules.WinContext::set_SeatWind(RiichiSharp.Rules.Wind)</Name>
              <SequencePoints />
              <BranchPoints />
              <MethodPoint vc="0" uspid="74" ordinal="0" offset="0" />
            </Method>
            <Method visited="false" cyclomaticComplexity="1" sequenceCoverage="0" branchCoverage="0" isConstructor="false" isStatic="false" isGetter="true" isSetter="false">
              <Summary numSequencePoints="0" visitedSequencePoints="0" numBranchPoints="0" visitedBranchPoints="0" sequenceCoverage="0" branchCoverage="0" maxCyclomaticComplexity="1" minCyclomaticComplexity="1" visitedClasses="0" numClasses="0" visitedMethods="0" numMethods="0" />
              <MetadataToken>100663307</MetadataToken>
              <Name>RiichiSharp.Rules.DrawType RiichiSharp.Rules.WinContext::get_DrawType()</Name>
              <SequencePoints />
              <BranchPoints />
              <MethodPoint vc="0" uspid="75" ordinal="0" offset="0" />
            </Method>
            <Method visited="false" cyclomaticComplexity="1" sequenceCoverage="0" branchCoverage="0" isConstructor="false" isStatic="false" isGetter="false" isSetter="true">
              <Summary numSequencePoints="0" visitedSequencePoints="0" numBranchPoints="0" visitedBranchPoints="0" sequenceCoverage="0" branchCoverage="0" maxCyclomaticComplexity="1" minCyclomaticComplexity="1" visitedClasses="0" numClasses="0" visitedMethods="0" numMethods="0" />
              <MetadataToken>100663308</MetadataToken>
              <Name>System.Void RiichiSharp.Rules.WinContext::set_DrawType(RiichiSharp.Rules.DrawType)</Name>
              <SequencePoints />
              <BranchPoints />
              <MethodPoint vc="0" uspid="76" ordinal="0" offset="0" />
            </Method>
            <Method visited="false" cyclomaticComplexity="1" sequenceCoverage="0" branchCoverage="0" isConstructor="false" isStatic="false" isGetter="true" isSetter="false">
              <Summary numSequencePoints="0" visitedSequencePoints="0" numBranchPoints="0" visitedBranchPoints="0" sequenceCoverage="0" branchCoverage="0" maxCyclomaticComplexity="1" minCyclomaticComplexity="1" visitedClasses="0" numClasses="0" visitedMethods="0" numMethods="0" />
              <MetadataToken>100663309</MetadataToken>
              <Name>RiichiSharp.Rules.DrawTiming RiichiSharp.Rules.WinContext::get_DrawTiming()</Name>
              <SequencePoints />
              <BranchPoints />
              <MethodPoint vc="0" uspid="77" ordinal="0" offset="0" />
            </Method>
            <Method visited="false" cyclomaticComplexity="1" sequenceCoverage="0" branchCoverage="0" isConstructor="false" isStatic="false" isGetter="false" isSetter="true">
              <Summary numSequencePoints="0" visitedSequencePoints="0" numBranchPoints="0" visitedBranchPoints="0" sequenceCoverage="0" branchCoverage="0" maxCyclomaticComplexity="1" minCyclomaticComplexity="1" visitedClasses="0" numClasses="0" visitedMethods="0" numMethods="0" />
              <MetadataToken>100663310</MetadataToken>
              <Name>System.Void RiichiSharp.Rules.WinContext::set_DrawTiming(RiichiSharp.Rules.DrawTiming)</Name>
              <SequencePoints />
              <BranchPoints />
              <MethodPoint vc="0" uspid="78" ordinal="0" offset="0" />
            </Method>
            <Method visited="false" cyclomaticComplexity="1" sequenceCoverage="0" branchCoverage="0" isConstructor="false" isStatic="false" isGetter="true" isSetter="false">
              <Summary numSequencePoints="0" visitedSequencePoints="0" numBranchPoints="0" visitedBranchPoints="0" sequenceCoverage="0" branchCoverage="0" maxCyclomaticComplexity="1" minCyclomaticComplexity="1" visitedClasses="0" numClasses="0" visitedMethods="0" numMethods="0" />
              <MetadataToken>100663311</MetadataToken>
              <Name>System.Boolean RiichiSharp.Rules.WinContext::get_Ippatsu()</Name>
              <SequencePoints />
              <BranchPoints />
              <MethodPoint vc="0" uspid="79" ordinal="0" offset="0" />
            </Method>
            <Method visited="false" cyclomaticComplexity="1" sequenceCoverage="0" branchCoverage="0" isConstructor="false" isStatic="false" isGetter="false" isSetter="true">
              <Summary numSequencePoints="0" visitedSequencePoints="0" numBranchPoints="0" visitedBranchPoints="0" sequenceCoverage="0" branchCoverage="0" maxCyclomaticComplexity="1" minCyclomaticComplexity="1" visitedClasses="0" numClasses="0" visitedMethods="0" numMethods="0" />
              <MetadataToken>100663312</MetadataToken>
              <Name>System.Void RiichiSharp.Rules.WinContext::set_Ippatsu(System.Boolean)</Name>
              <SequencePoints />
              <BranchPoints />
              <MethodPoint vc="0" uspid="80" ordinal="0" offset="0" />
            </Method>
            <Method visited="false" cyclomaticComplexity="1" sequenceCoverage="0" branchCoverage="0" isConstructor="true" isStatic="false" isGetter="false" isSetter="false">
              <Summary numSequencePoints="0" visitedSequencePoints="0" numBranchPoints="0" visitedBranchPoints="0" sequenceCoverage="0" branchCoverage="0" maxCyclomaticComplexity="1" minCyclomaticComplexity="1" visitedClasses="0" numClasses="0" visitedMethods="0" numMethods="0" />
              <MetadataToken>100663313</MetadataToken>
              <Name>System.Void RiichiSharp.Rules.WinContext::.ctor()</Name>
              <SequencePoints />
              <BranchPoints />
              <MethodPoint vc="0" uspid="81" ordinal="0" offset="0" />
            </Method>
          </Methods>
        </Class>
        <Class>
          <Summary numSequencePoints="7" visitedSequencePoints="0" numBranchPoints="3" visitedBranchPoints="0" sequenceCoverage="0" branchCoverage="0" maxCyclomaticComplexity="1" minCyclomaticComplexity="1" visitedClasses="0" numClasses="1" visitedMethods="0" numMethods="3" />
          <FullName>RiichiSharp.Analysis.YakuDetails</FullName>
          <Methods>
            <Method visited="false" cyclomaticComplexity="1" sequenceCoverage="0" branchCoverage="0" isConstructor="false" isStatic="false" isGetter="true" isSetter="false">
              <Summary numSequencePoints="0" visitedSequencePoints="0" numBranchPoints="0" visitedBranchPoints="0" sequenceCoverage="0" branchCoverage="0" maxCyclomaticComplexity="1" minCyclomaticComplexity="1" visitedClasses="0" numClasses="0" visitedMethods="0" numMethods="0" />
              <MetadataToken>100663314</MetadataToken>
              <Name>RiichiSharp.Analysis.Yaku RiichiSharp.Analysis.YakuDetails::get_Yaku()</Name>
              <SequencePoints />
              <BranchPoints />
              <MethodPoint vc="0" uspid="82" ordinal="0" offset="0" />
            </Method>
            <Method visited="false" cyclomaticComplexity="1" sequenceCoverage="0" branchCoverage="0" isConstructor="false" isStatic="false" isGetter="false" isSetter="true">
              <Summary numSequencePoints="0" visitedSequencePoints="0" numBranchPoints="0" visitedBranchPoints="0" sequenceCoverage="0" branchCoverage="0" maxCyclomaticComplexity="1" minCyclomaticComplexity="1" visitedClasses="0" numClasses="0" visitedMethods="0" numMethods="0" />
              <MetadataToken>100663315</MetadataToken>
              <Name>System.Void RiichiSharp.Analysis.YakuDetails::set_Yaku(RiichiSharp.Analysis.Yaku)</Name>
              <SequencePoints />
              <BranchPoints />
              <MethodPoint vc="0" uspid="83" ordinal="0" offset="0" />
            </Method>
            <Method visited="false" cyclomaticComplexity="1" sequenceCoverage="0" branchCoverage="0" isConstructor="false" isStatic="false" isGetter="true" isSetter="false">
              <Summary numSequencePoints="0" visitedSequencePoints="0" numBranchPoints="0" visitedBranchPoints="0" sequenceCoverage="0" branchCoverage="0" maxCyclomaticComplexity="1" minCyclomaticComplexity="1" visitedClasses="0" numClasses="0" visitedMethods="0" numMethods="0" />
              <MetadataToken>100663316</MetadataToken>
              <Name>System.String RiichiSharp.Analysis.YakuDetails::get_Name()</Name>
              <SequencePoints />
              <BranchPoints />
              <MethodPoint vc="0" uspid="84" ordinal="0" offset="0" />
            </Method>
            <Method visited="false" cyclomaticComplexity="1" sequenceCoverage="0" branchCoverage="0" isConstructor="false" isStatic="false" isGetter="false" isSetter="true">
              <Summary numSequencePoints="0" visitedSequencePoints="0" numBranchPoints="0" visitedBranchPoints="0" sequenceCoverage="0" branchCoverage="0" maxCyclomaticComplexity="1" minCyclomaticComplexity="1" visitedClasses="0" numClasses="0" visitedMethods="0" numMethods="0" />
              <MetadataToken>100663317</MetadataToken>
              <Name>System.Void RiichiSharp.Analysis.YakuDetails::set_Name(System.String)</Name>
              <SequencePoints />
              <BranchPoints />
              <MethodPoint vc="0" uspid="85" ordinal="0" offset="0" />
            </Method>
            <Method visited="false" cyclomaticComplexity="1" sequenceCoverage="0" branchCoverage="0" isConstructor="false" isStatic="false" isGetter="true" isSetter="false">
              <Summary numSequencePoints="0" visitedSequencePoints="0" numBranchPoints="0" visitedBranchPoints="0" sequenceCoverage="0" branchCoverage="0" maxCyclomaticComplexity="1" minCyclomaticComplexity="1" visitedClasses="0" numClasses="0" visitedMethods="0" numMethods="0" />
              <MetadataToken>100663318</MetadataToken>
              <Name>System.String RiichiSharp.Analysis.YakuDetails::get_OriginalName()</Name>
              <SequencePoints />
              <BranchPoints />
              <MethodPoint vc="0" uspid="86" ordinal="0" offset="0" />
            </Method>
            <Method visited="false" cyclomaticComplexity="1" sequenceCoverage="0" branchCoverage="0" isConstructor="false" isStatic="false" isGetter="false" isSetter="true">
              <Summary numSequencePoints="0" visitedSequencePoints="0" numBranchPoints="0" visitedBranchPoints="0" sequenceCoverage="0" branchCoverage="0" maxCyclomaticComplexity="1" minCyclomaticComplexity="1" visitedClasses="0" numClasses="0" visitedMethods="0" numMethods="0" />
              <MetadataToken>100663319</MetadataToken>
              <Name>System.Void RiichiSharp.Analysis.YakuDetails::set_OriginalName(System.String)</Name>
              <SequencePoints />
              <BranchPoints />
              <MethodPoint vc="0" uspid="87" ordinal="0" offset="0" />
            </Method>
            <Method visited="false" cyclomaticComplexity="1" sequenceCoverage="0" branchCoverage="0" isConstructor="false" isStatic="false" isGetter="true" isSetter="false">
              <Summary numSequencePoints="0" visitedSequencePoints="0" numBranchPoints="0" visitedBranchPoints="0" sequenceCoverage="0" branchCoverage="0" maxCyclomaticComplexity="1" minCyclomaticComplexity="1" visitedClasses="0" numClasses="0" visitedMethods="0" numMethods="0" />
              <MetadataToken>100663320</MetadataToken>
              <Name>System.Int32 RiichiSharp.Analysis.YakuDetails::get_Value()</Name>
              <SequencePoints />
              <BranchPoints />
              <MethodPoint vc="0" uspid="88" ordinal="0" offset="0" />
            </Method>
            <Method visited="false" cyclomaticComplexity="1" sequenceCoverage="0" branchCoverage="0" isConstructor="false" isStatic="false" isGetter="false" isSetter="true">
              <Summary numSequencePoints="0" visitedSequencePoints="0" numBranchPoints="0" visitedBranchPoints="0" sequenceCoverage="0" branchCoverage="0" maxCyclomaticComplexity="1" minCyclomaticComplexity="1" visitedClasses="0" numClasses="0" visitedMethods="0" numMethods="0" />
              <MetadataToken>100663321</MetadataToken>
              <Name>System.Void RiichiSharp.Analysis.YakuDetails::set_Value(System.Int32)</Name>
              <SequencePoints />
              <BranchPoints />
              <MethodPoint vc="0" uspid="89" ordinal="0" offset="0" />
            </Method>
            <Method visited="false" cyclomaticComplexity="1" sequenceCoverage="0" branchCoverage="0" isConstructor="false" isStatic="false" isGetter="true" isSetter="false">
              <Summary numSequencePoints="0" visitedSequencePoints="0" numBranchPoints="0" visitedBranchPoints="0" sequenceCoverage="0" branchCoverage="0" maxCyclomaticComplexity="1" minCyclomaticComplexity="1" visitedClasses="0" numClasses="0" visitedMethods="0" numMethods="0" />
              <MetadataToken>100663322</MetadataToken>
              <Name>System.Boolean RiichiSharp.Analysis.YakuDetails::get_ReducedWhenOpen()</Name>
              <SequencePoints />
              <BranchPoints />
              <MethodPoint vc="0" uspid="90" ordinal="0" offset="0" />
            </Method>
            <Method visited="false" cyclomaticComplexity="1" sequenceCoverage="0" branchCoverage="0" isConstructor="false" isStatic="false" isGetter="false" isSetter="true">
              <Summary numSequencePoints="0" visitedSequencePoints="0" numBranchPoints="0" visitedBranchPoints="0" sequenceCoverage="0" branchCoverage="0" maxCyclomaticComplexity="1" minCyclomaticComplexity="1" visitedClasses="0" numClasses="0" visitedMethods="0" numMethods="0" />
              <MetadataToken>100663323</MetadataToken>
              <Name>System.Void RiichiSharp.Analysis.YakuDetails::set_ReducedWhenOpen(System.Boolean)</Name>
              <SequencePoints />
              <BranchPoints />
              <MethodPoint vc="0" uspid="91" ordinal="0" offset="0" />
            </Method>
            <Method visited="false" cyclomaticComplexity="1" sequenceCoverage="0" branchCoverage="0" isConstructor="false" isStatic="true" isGetter="false" isSetter="false">
              <Summary numSequencePoints="3" visitedSequencePoints="0" numBranchPoints="1" visitedBranchPoints="0" sequenceCoverage="0" branchCoverage="0" maxCyclomaticComplexity="1" minCyclomaticComplexity="1" visitedClasses="0" numClasses="0" visitedMethods="0" numMethods="1" />
              <MetadataToken>100663324</MetadataToken>
              <Name>RiichiSharp.Analysis.Yaku RiichiSharp.Analysis.YakuDetails::op_Implicit(RiichiSharp.Analysis.YakuDetails)</Name>
              <FileRef uid="5" />
              <SequencePoints>
                <SequencePoint vc="0" uspid="92" ordinal="0" offset="0" sl="94" sc="9" el="94" ec="10" bec="0" bev="0" fileid="5" />
                <SequencePoint vc="0" uspid="93" ordinal="1" offset="1" sl="95" sc="13" el="95" ec="30" bec="0" bev="0" fileid="5" />
                <SequencePoint vc="0" uspid="94" ordinal="2" offset="10" sl="96" sc="9" el="96" ec="10" bec="0" bev="0" fileid="5" />
              </SequencePoints>
              <BranchPoints />
              <MethodPoint xsi:type="SequencePoint" vc="0" uspid="92" ordinal="0" offset="0" sl="94" sc="9" el="94" ec="10" bec="0" bev="0" fileid="5" />
            </Method>
            <Method visited="false" cyclomaticComplexity="1" sequenceCoverage="0" branchCoverage="0" isConstructor="true" isStatic="false" isGetter="false" isSetter="false">
              <Summary numSequencePoints="3" visitedSequencePoints="0" numBranchPoints="1" visitedBranchPoints="0" sequenceCoverage="0" branchCoverage="0" maxCyclomaticComplexity="1" minCyclomaticComplexity="1" visitedClasses="0" numClasses="0" visitedMethods="0" numMethods="1" />
              <MetadataToken>100663325</MetadataToken>
              <Name>System.Void RiichiSharp.Analysis.YakuDetails::.ctor()</Name>
              <FileRef uid="5" />
              <SequencePoints>
                <SequencePoint vc="0" uspid="95" ordinal="0" offset="0" sl="98" sc="9" el="98" ec="30" bec="0" bev="0" fileid="5" />
                <SequencePoint vc="0" uspid="96" ordinal="1" offset="7" sl="98" sc="31" el="98" ec="32" bec="0" bev="0" fileid="5" />
                <SequencePoint vc="0" uspid="97" ordinal="2" offset="8" sl="98" sc="32" el="98" ec="33" bec="0" bev="0" fileid="5" />
              </SequencePoints>
              <BranchPoints />
              <MethodPoint xsi:type="SequencePoint" vc="0" uspid="95" ordinal="0" offset="0" sl="98" sc="9" el="98" ec="30" bec="0" bev="0" fileid="5" />
            </Method>
            <Method visited="false" cyclomaticComplexity="1" sequenceCoverage="0" branchCoverage="0" isConstructor="true" isStatic="true" isGetter="false" isSetter="false">
              <Summary numSequencePoints="1" visitedSequencePoints="0" numBranchPoints="1" visitedBranchPoints="0" sequenceCoverage="0" branchCoverage="0" maxCyclomaticComplexity="1" minCyclomaticComplexity="1" visitedClasses="0" numClasses="0" visitedMethods="0" numMethods="1" />
              <MetadataToken>100663326</MetadataToken>
              <Name>System.Void RiichiSharp.Analysis.YakuDetails::.cctor()</Name>
              <FileRef uid="6" />
              <SequencePoints>
                <SequencePoint vc="0" uspid="98" ordinal="0" offset="0" sl="31" sc="9" el="86" ec="11" bec="0" bev="0" fileid="6" />
              </SequencePoints>
              <BranchPoints />
              <MethodPoint xsi:type="SequencePoint" vc="0" uspid="98" ordinal="0" offset="0" sl="31" sc="9" el="86" ec="11" bec="0" bev="0" fileid="6" />
            </Method>
          </Methods>
        </Class>
        <Class>
          <Summary numSequencePoints="4" visitedSequencePoints="0" numBranchPoints="4" visitedBranchPoints="0" sequenceCoverage="0" branchCoverage="0" maxCyclomaticComplexity="2" minCyclomaticComplexity="1" visitedClasses="0" numClasses="1" visitedMethods="0" numMethods="2" />
          <FullName>RiichiSharp.Hand</FullName>
          <Methods>
            <Method visited="false" cyclomaticComplexity="1" sequenceCoverage="0" branchCoverage="0" isConstructor="false" isStatic="false" isGetter="true" isSetter="false">
              <Summary numSequencePoints="0" visitedSequencePoints="0" numBranchPoints="0" visitedBranchPoints="0" sequenceCoverage="0" branchCoverage="0" maxCyclomaticComplexity="1" minCyclomaticComplexity="1" visitedClasses="0" numClasses="0" visitedMethods="0" numMethods="0" />
              <MetadataToken>100663327</MetadataToken>
              <Name>System.Collections.Generic.List`1&lt;RiichiSharp.TileState&gt; RiichiSharp.Hand::get_Tiles()</Name>
              <SequencePoints />
              <BranchPoints />
              <MethodPoint vc="0" uspid="99" ordinal="0" offset="0" />
            </Method>
            <Method visited="false" cyclomaticComplexity="1" sequenceCoverage="0" branchCoverage="0" isConstructor="false" isStatic="false" isGetter="false" isSetter="true">
              <Summary numSequencePoints="0" visitedSequencePoints="0" numBranchPoints="0" visitedBranchPoints="0" sequenceCoverage="0" branchCoverage="0" maxCyclomaticComplexity="1" minCyclomaticComplexity="1" visitedClasses="0" numClasses="0" visitedMethods="0" numMethods="0" />
              <MetadataToken>100663328</MetadataToken>
              <Name>System.Void RiichiSharp.Hand::set_Tiles(System.Collections.Generic.List`1&lt;RiichiSharp.TileState&gt;)</Name>
              <SequencePoints />
              <BranchPoints />
              <MethodPoint vc="0" uspid="100" ordinal="0" offset="0" />
            </Method>
            <Method visited="false" cyclomaticComplexity="2" sequenceCoverage="0" branchCoverage="0" isConstructor="false" isStatic="false" isGetter="true" isSetter="false">
              <Summary numSequencePoints="3" visitedSequencePoints="0" numBranchPoints="3" visitedBranchPoints="0" sequenceCoverage="0" branchCoverage="0" maxCyclomaticComplexity="2" minCyclomaticComplexity="2" visitedClasses="0" numClasses="0" visitedMethods="0" numMethods="1" />
              <MetadataToken>100663329</MetadataToken>
              <Name>System.Boolean RiichiSharp.Hand::get_Open()</Name>
              <FileRef uid="7" />
              <SequencePoints>
                <SequencePoint vc="0" uspid="101" ordinal="0" offset="0" sl="44" sc="17" el="44" ec="18" bec="0" bev="0" fileid="7" />
                <SequencePoint vc="0" uspid="102" ordinal="1" offset="1" sl="44" sc="19" el="44" ec="49" bec="2" bev="0" fileid="7" />
                <SequencePoint vc="0" uspid="103" ordinal="2" offset="46" sl="44" sc="50" el="44" ec="51" bec="0" bev="0" fileid="7" />
              </SequencePoints>
              <BranchPoints>
                <BranchPoint vc="0" uspid="104" ordinal="0" offset="12" sl="44" path="0" offsetend="14" fileid="7" />
                <BranchPoint vc="0" uspid="105" ordinal="1" offset="12" sl="44" path="1" offsetend="33" fileid="7" />
              </BranchPoints>
              <MethodPoint xsi:type="SequencePoint" vc="0" uspid="101" ordinal="0" offset="0" sl="44" sc="17" el="44" ec="18" bec="0" bev="0" fileid="7" />
            </Method>
            <Method visited="false" cyclomaticComplexity="1" sequenceCoverage="0" branchCoverage="0" isConstructor="true" isStatic="false" isGetter="false" isSetter="false">
              <Summary numSequencePoints="0" visitedSequencePoints="0" numBranchPoints="0" visitedBranchPoints="0" sequenceCoverage="0" branchCoverage="0" maxCyclomaticComplexity="1" minCyclomaticComplexity="1" visitedClasses="0" numClasses="0" visitedMethods="0" numMethods="0" />
              <MetadataToken>100663330</MetadataToken>
              <Name>System.Void RiichiSharp.Hand::.ctor()</Name>
              <SequencePoints />
              <BranchPoints />
              <MethodPoint vc="0" uspid="106" ordinal="0" offset="0" />
            </Method>
            <Method visited="false" cyclomaticComplexity="1" sequenceCoverage="0" branchCoverage="0" isConstructor="false" isStatic="true" isGetter="false" isSetter="false">
              <Summary numSequencePoints="1" visitedSequencePoints="0" numBranchPoints="1" visitedBranchPoints="0" sequenceCoverage="0" branchCoverage="0" maxCyclomaticComplexity="1" minCyclomaticComplexity="1" visitedClasses="0" numClasses="0" visitedMethods="0" numMethods="1" />
              <MetadataToken>100663331</MetadataToken>
              <Name>System.Boolean RiichiSharp.Hand::&lt;get_Open&gt;b__0(RiichiSharp.TileState)</Name>
              <FileRef uid="7" />
              <SequencePoints>
                <SequencePoint vc="0" uspid="107" ordinal="0" offset="0" sl="44" sc="41" el="44" ec="47" bec="0" bev="0" fileid="7" />
              </SequencePoints>
              <BranchPoints />
              <MethodPoint xsi:type="SequencePoint" vc="0" uspid="107" ordinal="0" offset="0" sl="44" sc="41" el="44" ec="47" bec="0" bev="0" fileid="7" />
            </Method>
          </Methods>
        </Class>
        <Class>
          <Summary numSequencePoints="55" visitedSequencePoints="22" numBranchPoints="68" visitedBranchPoints="22" sequenceCoverage="40" branchCoverage="32.35" maxCyclomaticComplexity="13" minCyclomaticComplexity="1" visitedClasses="1" numClasses="1" visitedMethods="5" numMethods="12" />
          <FullName>RiichiSharp.Rules.MahjongGame</FullName>
          <Methods>
            <Method visited="false" cyclomaticComplexity="1" sequenceCoverage="0" branchCoverage="0" isConstructor="false" isStatic="false" isGetter="true" isSetter="false">
              <Summary numSequencePoints="0" visitedSequencePoints="0" numBranchPoints="0" visitedBranchPoints="0" sequenceCoverage="0" branchCoverage="0" maxCyclomaticComplexity="1" minCyclomaticComplexity="1" visitedClasses="0" numClasses="0" visitedMethods="0" numMethods="0" />
              <MetadataToken>100663332</MetadataToken>
              <Name>System.Boolean RiichiSharp.Rules.MahjongGame::get_Tonpuuseen()</Name>
              <SequencePoints />
              <BranchPoints />
              <MethodPoint vc="0" uspid="108" ordinal="0" offset="0" />
            </Method>
            <Method visited="true" cyclomaticComplexity="1" sequenceCoverage="0" branchCoverage="0" isConstructor="false" isStatic="false" isGetter="false" isSetter="true">
              <Summary numSequencePoints="0" visitedSequencePoints="0" numBranchPoints="0" visitedBranchPoints="0" sequenceCoverage="0" branchCoverage="0" maxCyclomaticComplexity="1" minCyclomaticComplexity="1" visitedClasses="0" numClasses="0" visitedMethods="0" numMethods="0" />
              <MetadataToken>100663333</MetadataToken>
              <Name>System.Void RiichiSharp.Rules.MahjongGame::set_Tonpuuseen(System.Boolean)</Name>
              <SequencePoints />
              <BranchPoints />
              <MethodPoint vc="20" uspid="109" ordinal="0" offset="0" />
            </Method>
            <Method visited="false" cyclomaticComplexity="13" sequenceCoverage="0" branchCoverage="0" isConstructor="false" isStatic="false" isGetter="true" isSetter="false">
              <Summary numSequencePoints="13" visitedSequencePoints="0" numBranchPoints="21" visitedBranchPoints="0" sequenceCoverage="0" branchCoverage="0" maxCyclomaticComplexity="13" minCyclomaticComplexity="13" visitedClasses="0" numClasses="0" visitedMethods="0" numMethods="1" />
              <MetadataToken>100663334</MetadataToken>
              <Name>RiichiSharp.Rules.GameState RiichiSharp.Rules.MahjongGame::get_State()</Name>
              <FileRef uid="8" />
              <SequencePoints>
                <SequencePoint vc="0" uspid="110" ordinal="0" offset="0" sl="55" sc="13" el="55" ec="14" bec="0" bev="0" fileid="8" />
                <SequencePoint vc="0" uspid="111" ordinal="1" offset="1" sl="56" sc="17" el="56" ec="39" bec="2" bev="0" fileid="8" />
                <SequencePoint vc="0" uspid="112" ordinal="2" offset="24" sl="57" sc="17" el="57" ec="18" bec="0" bev="0" fileid="8" />
                <SequencePoint vc="0" uspid="113" ordinal="3" offset="25" sl="58" sc="21" el="58" ec="50" bec="0" bev="0" fileid="8" />
                <SequencePoint vc="0" uspid="114" ordinal="4" offset="33" sl="61" sc="17" el="61" ec="42" bec="0" bev="0" fileid="8" />
                <SequencePoint vc="0" uspid="115" ordinal="5" offset="45" sl="63" sc="17" el="63" ec="41" bec="2" bev="0" fileid="8" />
                <SequencePoint vc="0" uspid="116" ordinal="6" offset="63" sl="64" sc="17" el="64" ec="18" bec="0" bev="0" fileid="8" />
                <SequencePoint vc="0" uspid="117" ordinal="7" offset="64" sl="65" sc="21" el="65" ec="51" bec="0" bev="0" fileid="8" />
                <SequencePoint vc="0" uspid="118" ordinal="8" offset="72" sl="68" sc="17" el="68" ec="119" bec="4" bev="0" fileid="8" />
                <SequencePoint vc="0" uspid="119" ordinal="9" offset="156" sl="69" sc="17" el="69" ec="103" bec="5" bev="0" fileid="8" />
                <SequencePoint vc="0" uspid="120" ordinal="10" offset="220" sl="71" sc="17" el="71" ec="99" bec="4" bev="0" fileid="8" />
                <SequencePoint vc="0" uspid="121" ordinal="11" offset="244" sl="72" sc="17" el="72" ec="84" bec="2" bev="0" fileid="8" />
                <SequencePoint vc="0" uspid="122" ordinal="12" offset="256" sl="73" sc="13" el="73" ec="14" bec="0" bev="0" fileid="8" />
              </SequencePoints>
              <BranchPoints>
                <BranchPoint vc="0" uspid="123" ordinal="0" offset="22" sl="56" path="0" offsetend="24" fileid="8" />
                <BranchPoint vc="0" uspid="124" ordinal="1" offset="22" sl="56" path="1" offsetend="33" fileid="8" />
                <BranchPoint vc="0" uspid="125" ordinal="2" offset="61" sl="63" path="0" offsetend="63" fileid="8" />
                <BranchPoint vc="0" uspid="126" ordinal="3" offset="61" sl="63" path="1" offsetend="72" fileid="8" />
                <BranchPoint vc="0" uspid="127" ordinal="4" offset="83" sl="68" path="0" offsetend="85" fileid="8" />
                <BranchPoint vc="0" uspid="128" ordinal="5" offset="83" sl="68" path="1" offsetend="104" fileid="8" />
                <BranchPoint vc="0" uspid="129" ordinal="6" offset="124" sl="68" path="0" offsetend="126" fileid="8" />
                <BranchPoint vc="0" uspid="130" ordinal="7" offset="124" sl="68" path="1" offsetend="145" fileid="8" />
                <BranchPoint vc="0" uspid="131" ordinal="8" offset="163" sl="69" path="0" offsetend="165" fileid="8" />
                <BranchPoint vc="0" uspid="132" ordinal="9" offset="163" sl="69" path="1" offsetend="217" fileid="8" />
                <BranchPoint vc="0" uspid="133" ordinal="10" offset="176" sl="69" path="0" offsetend="178" fileid="8" />
                <BranchPoint vc="0" uspid="134" ordinal="11" offset="176" sl="69" path="1" offsetend="217" fileid="8" />
                <BranchPoint vc="0" uspid="135" ordinal="12" offset="199" sl="69" path="0" offsetend="201" fileid="8" />
                <BranchPoint vc="0" uspid="136" ordinal="13" offset="199" sl="69" path="1" offsetend="213" fileid="8" />
                <BranchPoint vc="0" uspid="137" ordinal="14" offset="221" sl="71" path="0" offsetend="223" fileid="8" />
                <BranchPoint vc="0" uspid="138" ordinal="15" offset="221" sl="71" path="1" offsetend="241" fileid="8" />
                <BranchPoint vc="0" uspid="139" ordinal="16" offset="230" sl="71" path="0" offsetend="232" fileid="8" />
                <BranchPoint vc="0" uspid="140" ordinal="17" offset="230" sl="71" path="1" offsetend="235" fileid="8" />
                <BranchPoint vc="0" uspid="141" ordinal="18" offset="245" sl="72" path="0" offsetend="247" fileid="8" />
                <BranchPoint vc="0" uspid="142" ordinal="19" offset="245" sl="72" path="1" offsetend="250" fileid="8" />
              </BranchPoints>
              <MethodPoint xsi:type="SequencePoint" vc="0" uspid="110" ordinal="0" offset="0" sl="55" sc="13" el="55" ec="14" bec="0" bev="0" fileid="8" />
            </Method>
            <Method visited="true" cyclomaticComplexity="6" sequenceCoverage="80" branchCoverage="90.91" isConstructor="false" isStatic="false" isGetter="true" isSetter="false">
              <Summary numSequencePoints="10" visitedSequencePoints="8" numBranchPoints="11" visitedBranchPoints="10" sequenceCoverage="80" branchCoverage="90.91" maxCyclomaticComplexity="6" minCyclomaticComplexity="6" visitedClasses="0" numClasses="0" visitedMethods="1" numMethods="1" />
              <MetadataToken>100663335</MetadataToken>
              <Name>System.Int32 RiichiSharp.Rules.MahjongGame::get_Oya()</Name>
              <FileRef uid="8" />
              <SequencePoints>
                <SequencePoint vc="12" uspid="143" ordinal="0" offset="0" sl="79" sc="13" el="79" ec="14" bec="0" bev="0" fileid="8" />
                <SequencePoint vc="12" uspid="144" ordinal="1" offset="1" sl="80" sc="17" el="80" ec="39" bec="2" bev="1" fileid="8" />
                <SequencePoint vc="0" uspid="145" ordinal="2" offset="22" sl="81" sc="17" el="81" ec="18" bec="0" bev="0" fileid="8" />
                <SequencePoint vc="0" uspid="146" ordinal="3" offset="23" sl="82" sc="21" el="82" ec="30" bec="0" bev="0" fileid="8" />
                <SequencePoint vc="12" uspid="147" ordinal="4" offset="27" sl="85" sc="17" el="85" ec="42" bec="0" bev="0" fileid="8" />
                <SequencePoint vc="12" uspid="148" ordinal="5" offset="39" sl="87" sc="17" el="87" ec="41" bec="2" bev="2" fileid="8" />
                <SequencePoint vc="2" uspid="149" ordinal="6" offset="55" sl="88" sc="17" el="88" ec="18" bec="0" bev="0" fileid="8" />
                <SequencePoint vc="2" uspid="150" ordinal="7" offset="56" sl="89" sc="21" el="89" ec="37" bec="0" bev="0" fileid="8" />
                <SequencePoint vc="10" uspid="151" ordinal="8" offset="65" sl="91" sc="17" el="91" ec="107" bec="5" bev="5" fileid="8" />
                <SequencePoint vc="12" uspid="152" ordinal="9" offset="143" sl="92" sc="13" el="92" ec="14" bec="0" bev="0" fileid="8" />
              </SequencePoints>
              <BranchPoints>
                <BranchPoint vc="0" uspid="153" ordinal="0" offset="20" sl="80" path="0" offsetend="22" fileid="8" />
                <BranchPoint vc="12" uspid="154" ordinal="1" offset="20" sl="80" path="1" offsetend="27" fileid="8" />
                <BranchPoint vc="2" uspid="155" ordinal="2" offset="53" sl="87" path="0" offsetend="55" fileid="8" />
                <BranchPoint vc="10" uspid="156" ordinal="3" offset="53" sl="87" path="1" offsetend="65" fileid="8" />
                <BranchPoint vc="7" uspid="157" ordinal="4" offset="76" sl="91" path="0" offsetend="78" fileid="8" />
                <BranchPoint vc="5" uspid="158" ordinal="5" offset="76" sl="91" path="1" offsetend="133" fileid="8" />
                <BranchPoint vc="2" uspid="159" ordinal="6" offset="106" sl="91" path="0" offsetend="108" fileid="8" />
                <BranchPoint vc="5" uspid="160" ordinal="7" offset="106" sl="91" path="1" offsetend="117" fileid="8" />
                <BranchPoint vc="5" uspid="161" ordinal="8" offset="119" sl="91" path="0" offsetend="121" fileid="8" />
                <BranchPoint vc="2" uspid="162" ordinal="9" offset="119" sl="91" path="1" offsetend="133" fileid="8" />
              </BranchPoints>
              <MethodPoint xsi:type="SequencePoint" vc="12" uspid="143" ordinal="0" offset="0" sl="79" sc="13" el="79" ec="14" bec="0" bev="0" fileid="8" />
            </Method>
            <Method visited="true" cyclomaticComplexity="2" sequenceCoverage="100" branchCoverage="100" isConstructor="false" isStatic="false" isGetter="true" isSetter="false">
              <Summary numSequencePoints="3" visitedSequencePoints="3" numBranchPoints="3" visitedBranchPoints="3" sequenceCoverage="100" branchCoverage="100" maxCyclomaticComplexity="2" minCyclomaticComplexity="2" visitedClasses="0" numClasses="0" visitedMethods="1" numMethods="1" />
              <MetadataToken>100663336</MetadataToken>
              <Name>System.Int32 RiichiSharp.Rules.MahjongGame::get_Renchan()</Name>
              <FileRef uid="8" />
              <SequencePoints>
                <SequencePoint vc="8" uspid="163" ordinal="0" offset="0" sl="98" sc="13" el="98" ec="14" bec="0" bev="0" fileid="8" />
                <SequencePoint vc="8" uspid="164" ordinal="1" offset="1" sl="99" sc="17" el="108" ec="30" bec="2" bev="2" fileid="8" />
                <SequencePoint vc="8" uspid="165" ordinal="2" offset="78" sl="109" sc="13" el="109" ec="14" bec="0" bev="0" fileid="8" />
              </SequencePoints>
              <BranchPoints>
                <BranchPoint vc="1" uspid="166" ordinal="0" offset="22" sl="99" path="0" offsetend="24" fileid="8" />
                <BranchPoint vc="7" uspid="167" ordinal="1" offset="22" sl="99" path="1" offsetend="43" fileid="8" />
              </BranchPoints>
              <MethodPoint xsi:type="SequencePoint" vc="8" uspid="163" ordinal="0" offset="0" sl="98" sc="13" el="98" ec="14" bec="0" bev="0" fileid="8" />
            </Method>
            <Method visited="false" cyclomaticComplexity="2" sequenceCoverage="0" branchCoverage="0" isConstructor="false" isStatic="false" isGetter="true" isSetter="false">
              <Summary numSequencePoints="3" visitedSequencePoints="0" numBranchPoints="3" visitedBranchPoints="0" sequenceCoverage="0" branchCoverage="0" maxCyclomaticComplexity="2" minCyclomaticComplexity="2" visitedClasses="0" numClasses="0" visitedMethods="0" numMethods="1" />
              <MetadataToken>100663337</MetadataToken>
              <Name>System.Boolean RiichiSharp.Rules.MahjongGame::get_RoundRunning()</Name>
              <FileRef uid="8" />
              <SequencePoints>
                <SequencePoint vc="0" uspid="168" ordinal="0" offset="0" sl="114" sc="17" el="114" ec="18" bec="0" bev="0" fileid="8" />
                <SequencePoint vc="0" uspid="169" ordinal="1" offset="1" sl="114" sc="19" el="114" ec="76" bec="2" bev="0" fileid="8" />
                <SequencePoint vc="0" uspid="170" ordinal="2" offset="40" sl="114" sc="77" el="114" ec="78" bec="0" bev="0" fileid="8" />
              </SequencePoints>
              <BranchPoints>
                <BranchPoint vc="0" uspid="171" ordinal="0" offset="12" sl="114" path="0" offsetend="14" fileid="8" />
                <BranchPoint vc="0" uspid="172" ordinal="1" offset="12" sl="114" path="1" offsetend="35" fileid="8" />
              </BranchPoints>
              <MethodPoint xsi:type="SequencePoint" vc="0" uspid="168" ordinal="0" offset="0" sl="114" sc="17" el="114" ec="18" bec="0" bev="0" fileid="8" />
            </Method>
            <Method visited="false" cyclomaticComplexity="8" sequenceCoverage="0" branchCoverage="0" isConstructor="false" isStatic="false" isGetter="true" isSetter="false">
              <Summary numSequencePoints="4" visitedSequencePoints="0" numBranchPoints="13" visitedBranchPoints="0" sequenceCoverage="0" branchCoverage="0" maxCyclomaticComplexity="8" minCyclomaticComplexity="8" visitedClasses="0" numClasses="0" visitedMethods="0" numMethods="1" />
              <MetadataToken>100663338</MetadataToken>
              <Name>System.Boolean RiichiSharp.Rules.MahjongGame::get_GameFinished()</Name>
              <FileRef uid="8" />
              <SequencePoints>
                <SequencePoint vc="0" uspid="173" ordinal="0" offset="0" sl="120" sc="13" el="120" ec="14" bec="0" bev="0" fileid="8" />
                <SequencePoint vc="0" uspid="174" ordinal="1" offset="1" sl="121" sc="17" el="121" ec="47" bec="0" bev="0" fileid="8" />
                <SequencePoint vc="0" uspid="175" ordinal="2" offset="13" sl="122" sc="17" el="125" ec="33" bec="10" bev="0" fileid="8" />
                <SequencePoint vc="0" uspid="176" ordinal="3" offset="132" sl="126" sc="13" el="126" ec="14" bec="0" bev="0" fileid="8" />
              </SequencePoints>
              <BranchPoints>
                <BranchPoint vc="0" uspid="177" ordinal="0" offset="20" sl="122" path="0" offsetend="22" fileid="8" />
                <BranchPoint vc="0" uspid="178" ordinal="1" offset="20" sl="122" path="1" offsetend="127" fileid="8" />
                <BranchPoint vc="0" uspid="179" ordinal="2" offset="28" sl="122" path="0" offsetend="30" fileid="8" />
                <BranchPoint vc="0" uspid="180" ordinal="3" offset="28" sl="122" path="1" offsetend="127" fileid="8" />
                <BranchPoint vc="0" uspid="181" ordinal="4" offset="50" sl="122" path="0" offsetend="52" fileid="8" />
                <BranchPoint vc="0" uspid="182" ordinal="5" offset="50" sl="122" path="1" offsetend="64" fileid="8" />
                <BranchPoint vc="0" uspid="183" ordinal="6" offset="66" sl="122" path="0" offsetend="68" fileid="8" />
                <BranchPoint vc="0" uspid="184" ordinal="7" offset="66" sl="122" path="1" offsetend="127" fileid="8" />
                <BranchPoint vc="0" uspid="185" ordinal="8" offset="79" sl="122" path="0" offsetend="81" fileid="8" />
                <BranchPoint vc="0" uspid="186" ordinal="9" offset="79" sl="122" path="1" offsetend="100" fileid="8" />
                <BranchPoint vc="0" uspid="187" ordinal="10" offset="116" sl="122" path="0" offsetend="118" fileid="8" />
                <BranchPoint vc="0" uspid="188" ordinal="11" offset="116" sl="122" path="1" offsetend="121" fileid="8" />
              </BranchPoints>
              <MethodPoint xsi:type="SequencePoint" vc="0" uspid="173" ordinal="0" offset="0" sl="120" sc="13" el="120" ec="14" bec="0" bev="0" fileid="8" />
            </Method>
            <Method visited="true" cyclomaticComplexity="1" sequenceCoverage="0" branchCoverage="0" isConstructor="false" isStatic="false" isGetter="true" isSetter="false">
              <Summary numSequencePoints="0" visitedSequencePoints="0" numBranchPoints="0" visitedBranchPoints="0" sequenceCoverage="0" branchCoverage="0" maxCyclomaticComplexity="1" minCyclomaticComplexity="1" visitedClasses="0" numClasses="0" visitedMethods="0" numMethods="0" />
              <MetadataToken>100663339</MetadataToken>
              <Name>System.Collections.Generic.List`1&lt;RiichiSharp.Rules.RoundState&gt; RiichiSharp.Rules.MahjongGame::get_Rounds()</Name>
              <SequencePoints />
              <BranchPoints />
              <MethodPoint vc="125" uspid="189" ordinal="0" offset="0" />
            </Method>
            <Method visited="true" cyclomaticComplexity="1" sequenceCoverage="0" branchCoverage="0" isConstructor="false" isStatic="false" isGetter="false" isSetter="true">
              <Summary numSequencePoints="0" visitedSequencePoints="0" numBranchPoints="0" visitedBranchPoints="0" sequenceCoverage="0" branchCoverage="0" maxCyclomaticComplexity="1" minCyclomaticComplexity="1" visitedClasses="0" numClasses="0" visitedMethods="0" numMethods="0" />
              <MetadataToken>100663340</MetadataToken>
              <Name>System.Void RiichiSharp.Rules.MahjongGame::set_Rounds(System.Collections.Generic.List`1&lt;RiichiSharp.Rules.RoundState&gt;)</Name>
              <SequencePoints />
              <BranchPoints />
              <MethodPoint vc="20" uspid="190" ordinal="0" offset="0" />
            </Method>
            <Method visited="false" cyclomaticComplexity="1" sequenceCoverage="0" branchCoverage="0" isConstructor="false" isStatic="false" isGetter="true" isSetter="false">
              <Summary numSequencePoints="0" visitedSequencePoints="0" numBranchPoints="0" visitedBranchPoints="0" sequenceCoverage="0" branchCoverage="0" maxCyclomaticComplexity="1" minCyclomaticComplexity="1" visitedClasses="0" numClasses="0" visitedMethods="0" numMethods="0" />
              <MetadataToken>100663341</MetadataToken>
              <Name>System.Int32[] RiichiSharp.Rules.MahjongGame::get_Points()</Name>
              <SequencePoints />
              <BranchPoints />
              <MethodPoint vc="0" uspid="191" ordinal="0" offset="0" />
            </Method>
            <Method visited="true" cyclomaticComplexity="1" sequenceCoverage="0" branchCoverage="0" isConstructor="false" isStatic="false" isGetter="false" isSetter="true">
              <Summary numSequencePoints="0" visitedSequencePoints="0" numBranchPoints="0" visitedBranchPoints="0" sequenceCoverage="0" branchCoverage="0" maxCyclomaticComplexity="1" minCyclomaticComplexity="1" visitedClasses="0" numClasses="0" visitedMethods="0" numMethods="0" />
              <MetadataToken>100663342</MetadataToken>
              <Name>System.Void RiichiSharp.Rules.MahjongGame::set_Points(System.Int32[])</Name>
              <SequencePoints />
              <BranchPoints />
              <MethodPoint vc="20" uspid="192" ordinal="0" offset="0" />
            </Method>
            <Method visited="false" cyclomaticComplexity="1" sequenceCoverage="0" branchCoverage="0" isConstructor="false" isStatic="false" isGetter="true" isSetter="false">
              <Summary numSequencePoints="0" visitedSequencePoints="0" numBranchPoints="0" visitedBranchPoints="0" sequenceCoverage="0" branchCoverage="0" maxCyclomaticComplexity="1" minCyclomaticComplexity="1" visitedClasses="0" numClasses="0" visitedMethods="0" numMethods="0" />
              <MetadataToken>100663344</MetadataToken>
              <Name>System.Int32 RiichiSharp.Rules.MahjongGame::get_RiichiPoints()</Name>
              <SequencePoints />
              <BranchPoints />
              <MethodPoint vc="0" uspid="193" ordinal="0" offset="0" />
            </Method>
            <Method visited="false" cyclomaticComplexity="1" sequenceCoverage="0" branchCoverage="0" isConstructor="false" isStatic="false" isGetter="false" isSetter="true">
              <Summary numSequencePoints="0" visitedSequencePoints="0" numBranchPoints="0" visitedBranchPoints="0" sequenceCoverage="0" branchCoverage="0" maxCyclomaticComplexity="1" minCyclomaticComplexity="1" visitedClasses="0" numClasses="0" visitedMethods="0" numMethods="0" />
              <MetadataToken>100663343</MetadataToken>
              <Name>System.Void RiichiSharp.Rules.MahjongGame::set_RiichiPoints(System.Int32)</Name>
              <SequencePoints />
              <BranchPoints />
              <MethodPoint vc="0" uspid="194" ordinal="0" offset="0" />
            </Method>
            <Method visited="false" cyclomaticComplexity="1" sequenceCoverage="0" branchCoverage="0" isConstructor="false" isStatic="false" isGetter="true" isSetter="false">
              <Summary numSequencePoints="0" visitedSequencePoints="0" numBranchPoints="0" visitedBranchPoints="0" sequenceCoverage="0" branchCoverage="0" maxCyclomaticComplexity="1" minCyclomaticComplexity="1" visitedClasses="0" numClasses="0" visitedMethods="0" numMethods="0" />
              <MetadataToken>100663345</MetadataToken>
              <Name>System.Boolean[] RiichiSharp.Rules.MahjongGame::get_Yakitori()</Name>
              <SequencePoints />
              <BranchPoints />
              <MethodPoint vc="0" uspid="195" ordinal="0" offset="0" />
            </Method>
            <Method visited="true" cyclomaticComplexity="1" sequenceCoverage="0" branchCoverage="0" isConstructor="false" isStatic="false" isGetter="false" isSetter="true">
              <Summary numSequencePoints="0" visitedSequencePoints="0" numBranchPoints="0" visitedBranchPoints="0" sequenceCoverage="0" branchCoverage="0" maxCyclomaticComplexity="1" minCyclomaticComplexity="1" visitedClasses="0" numClasses="0" visitedMethods="0" numMethods="0" />
              <MetadataToken>100663346</MetadataToken>
              <Name>System.Void RiichiSharp.Rules.MahjongGame::set_Yakitori(System.Boolean[])</Name>
              <SequencePoints />
              <BranchPoints />
              <MethodPoint vc="20" uspid="196" ordinal="0" offset="0" />
            </Method>
            <Method visited="true" cyclomaticComplexity="1" sequenceCoverage="100" branchCoverage="100" isConstructor="true" isStatic="false" isGetter="false" isSetter="false">
              <Summary numSequencePoints="7" visitedSequencePoints="7" numBranchPoints="1" visitedBranchPoints="1" sequenceCoverage="100" branchCoverage="100" maxCyclomaticComplexity="1" minCyclomaticComplexity="1" visitedClasses="0" numClasses="0" visitedMethods="1" numMethods="1" />
              <MetadataToken>100663347</MetadataToken>
              <Name>System.Void RiichiSharp.Rules.MahjongGame::.ctor(System.Boolean)</Name>
              <FileRef uid="8" />
              <SequencePoints>
                <SequencePoint vc="20" uspid="197" ordinal="0" offset="0" sl="136" sc="9" el="136" ec="51" bec="0" bev="0" fileid="8" />
                <SequencePoint vc="20" uspid="198" ordinal="1" offset="7" sl="137" sc="9" el="137" ec="10" bec="0" bev="0" fileid="8" />
[...]
              <Summary numSequencePoints="3" visitedSequencePoints="0" numBranchPoints="1" visitedBranchPoints="0" sequenceCoverage="0" branchCoverage="0" maxCyclomaticComplexity="1" minCyclomaticComplexity="1" visitedClasses="0" numClasses="0" visitedMethods="0" numMethods="1" />
              <MetadataToken>100663385</MetadataToken>
              <Name>System.Boolean RiichiSharp.TileExtensions::IsSimple(RiichiSharp.Tile)</Name>
              <FileRef uid="10" />
              <SequencePoints>
                <SequencePoint vc="0" uspid="273" ordinal="0" offset="0" sl="109" sc="9" el="109" ec="10" bec="0" bev="0" fileid="10" />
                <SequencePoint vc="0" uspid="274" ordinal="1" offset="1" sl="110" sc="13" el="110" ec="49" bec="0" bev="0" fileid="10" />
                <SequencePoint vc="0" uspid="275" ordinal="2" offset="15" sl="111" sc="9" el="111" ec="10" bec="0" bev="0" fileid="10" />
              </SequencePoints>
              <BranchPoints />
              <MethodPoint xsi:type="SequencePoint" vc="0" uspid="273" ordinal="0" offset="0" sl="109" sc="9" el="109" ec="10" bec="0" bev="0" fileid="10" />
            </Method>
            <Method visited="false" cyclomaticComplexity="1" sequenceCoverage="0" branchCoverage="0" isConstructor="false" isStatic="true" isGetter="false" isSetter="false">
              <Summary numSequencePoints="3" visitedSequencePoints="0" numBranchPoints="1" visitedBranchPoints="0" sequenceCoverage="0" branchCoverage="0" maxCyclomaticComplexity="1" minCyclomaticComplexity="1" visitedClasses="0" numClasses="0" visitedMethods="0" numMethods="1" />
              <MetadataToken>100663386</MetadataToken>
              <Name>System.Boolean RiichiSharp.TileExtensions::IsTerminal(RiichiSharp.Tile)</Name>
              <FileRef uid="10" />
              <SequencePoints>
                <SequencePoint vc="0" uspid="276" ordinal="0" offset="0" sl="114" sc="9" el="114" ec="10" bec="0" bev="0" fileid="10" />
                <SequencePoint vc="0" uspid="277" ordinal="1" offset="1" sl="115" sc="13" el="115" ec="51" bec="0" bev="0" fileid="10" />
                <SequencePoint vc="0" uspid="278" ordinal="2" offset="15" sl="116" sc="9" el="116" ec="10" bec="0" bev="0" fileid="10" />
              </SequencePoints>
              <BranchPoints />
              <MethodPoint xsi:type="SequencePoint" vc="0" uspid="276" ordinal="0" offset="0" sl="114" sc="9" el="114" ec="10" bec="0" bev="0" fileid="10" />
            </Method>
            <Method visited="true" cyclomaticComplexity="6" sequenceCoverage="93.33" branchCoverage="88.89" isConstructor="false" isStatic="true" isGetter="false" isSetter="false">
              <Summary numSequencePoints="15" visitedSequencePoints="14" numBranchPoints="9" visitedBranchPoints="8" sequenceCoverage="93.33" branchCoverage="88.89" maxCyclomaticComplexity="6" minCyclomaticComplexity="6" visitedClasses="0" numClasses="0" visitedMethods="1" numMethods="1" />
              <MetadataToken>100663387</MetadataToken>
              <Name>RiichiSharp.Suit RiichiSharp.TileExtensions::Suit(RiichiSharp.Tile)</Name>
              <FileRef uid="10" />
              <SequencePoints>
                <SequencePoint vc="119" uspid="279" ordinal="0" offset="0" sl="119" sc="9" el="119" ec="10" bec="0" bev="0" fileid="10" />
                <SequencePoint vc="119" uspid="280" ordinal="1" offset="1" sl="120" sc="13" el="120" ec="54" bec="4" bev="4" fileid="10" />
                <SequencePoint vc="2" uspid="281" ordinal="2" offset="21" sl="121" sc="13" el="121" ec="14" bec="0" bev="0" fileid="10" />
                <SequencePoint vc="2" uspid="282" ordinal="3" offset="22" sl="122" sc="17" el="122" ec="85" bec="0" bev="0" fileid="10" />
                <SequencePoint vc="117" uspid="283" ordinal="4" offset="38" sl="124" sc="13" el="124" ec="20" bec="0" bev="0" fileid="10" />
                <SequencePoint vc="117" uspid="284" ordinal="5" offset="39" sl="124" sc="34" el="124" ec="75" bec="0" bev="0" fileid="10" />
                <SequencePoint vc="451" uspid="285" ordinal="6" offset="67" sl="124" sc="22" el="124" ec="30" bec="0" bev="0" fileid="10" />
                <SequencePoint vc="451" uspid="286" ordinal="7" offset="74" sl="125" sc="13" el="125" ec="14" bec="0" bev="0" fileid="10" />
                <SequencePoint vc="451" uspid="287" ordinal="8" offset="75" sl="126" sc="17" el="126" ec="43" bec="2" bev="2" fileid="10" />
                <SequencePoint vc="117" uspid="288" ordinal="9" offset="86" sl="127" sc="17" el="127" ec="18" bec="0" bev="0" fileid="10" />
                <SequencePoint vc="117" uspid="289" ordinal="10" offset="87" sl="128" sc="21" el="128" ec="33" bec="0" bev="0" fileid="10" />
                <SequencePoint vc="334" uspid="290" ordinal="11" offset="91" sl="130" sc="13" el="130" ec="14" bec="0" bev="0" fileid="10" />
                <SequencePoint vc="451" uspid="291" ordinal="12" offset="92" sl="124" sc="31" el="124" ec="33" bec="2" bev="1" fileid="10" />
                <SequencePoint vc="0" uspid="292" ordinal="13" offset="121" sl="131" sc="13" el="131" ec="95" bec="0" bev="0" fileid="10" />
                <SequencePoint vc="117" uspid="293" ordinal="14" offset="133" sl="132" sc="9" el="132" ec="10" bec="0" bev="0" fileid="10" />
              </SequencePoints>
              <BranchPoints>
                <BranchPoint vc="118" uspid="294" ordinal="0" offset="3" sl="120" path="0" offsetend="5" fileid="10" />
                <BranchPoint vc="1" uspid="295" ordinal="1" offset="3" sl="120" path="1" offsetend="15" fileid="10" />
                <BranchPoint vc="2" uspid="296" ordinal="2" offset="19" sl="120" path="0" offsetend="21" fileid="10" />
                <BranchPoint vc="117" uspid="297" ordinal="3" offset="19" sl="120" path="1" offsetend="38" fileid="10" />
                <BranchPoint vc="117" uspid="298" ordinal="4" offset="84" sl="126" path="0" offsetend="86" fileid="10" />
                <BranchPoint vc="334" uspid="299" ordinal="5" offset="84" sl="126" path="1" offsetend="91" fileid="10" />
                <BranchPoint vc="0" uspid="300" ordinal="6" offset="100" sl="124" path="0" offsetend="102" fileid="10" />
                <BranchPoint vc="451" uspid="301" ordinal="7" offset="100" sl="124" path="1" offsetend="67" fileid="10" />
              </BranchPoints>
              <MethodPoint xsi:type="SequencePoint" vc="119" uspid="279" ordinal="0" offset="0" sl="119" sc="9" el="119" ec="10" bec="0" bev="0" fileid="10" />
            </Method>
            <Method visited="true" cyclomaticComplexity="4" sequenceCoverage="100" branchCoverage="100" isConstructor="false" isStatic="true" isGetter="false" isSetter="false">
              <Summary numSequencePoints="13" visitedSequencePoints="13" numBranchPoints="7" visitedBranchPoints="7" sequenceCoverage="100" branchCoverage="100" maxCyclomaticComplexity="4" minCyclomaticComplexity="4" visitedClasses="0" numClasses="0" visitedMethods="1" numMethods="1" />
              <MetadataToken>100663388</MetadataToken>
              <Name>RiichiSharp.Tile RiichiSharp.TileExtensions::Shift(RiichiSharp.Tile,System.Int32)</Name>
              <FileRef uid="10" />
              <SequencePoints>
                <SequencePoint vc="27" uspid="302" ordinal="0" offset="0" sl="135" sc="9" el="135" ec="10" bec="0" bev="0" fileid="10" />
                <SequencePoint vc="27" uspid="303" ordinal="1" offset="1" sl="136" sc="13" el="136" ec="36" bec="0" bev="0" fileid="10" />
                <SequencePoint vc="27" uspid="304" ordinal="2" offset="8" sl="139" sc="13" el="139" ec="26" bec="4" bev="4" fileid="10" />
                <SequencePoint vc="9" uspid="305" ordinal="3" offset="25" sl="142" sc="21" el="142" ec="29" bec="0" bev="0" fileid="10" />
                <SequencePoint vc="9" uspid="306" ordinal="4" offset="27" sl="143" sc="21" el="143" ec="27" bec="0" bev="0" fileid="10" />
                <SequencePoint vc="7" uspid="307" ordinal="5" offset="29" sl="145" sc="21" el="145" ec="29" bec="0" bev="0" fileid="10" />
                <SequencePoint vc="7" uspid="308" ordinal="6" offset="31" sl="146" sc="21" el="146" ec="27" bec="0" bev="0" fileid="10" />
                <SequencePoint vc="11" uspid="309" ordinal="7" offset="33" sl="148" sc="21" el="148" ec="29" bec="0" bev="0" fileid="10" />
                <SequencePoint vc="11" uspid="310" ordinal="8" offset="36" sl="149" sc="21" el="149" ec="27" bec="0" bev="0" fileid="10" />
                <SequencePoint vc="27" uspid="311" ordinal="9" offset="38" sl="152" sc="13" el="152" ec="42" bec="0" bev="0" fileid="10" />
                <SequencePoint vc="27" uspid="312" ordinal="10" offset="42" sl="153" sc="13" el="153" ec="48" bec="0" bev="0" fileid="10" />
                <SequencePoint vc="27" uspid="313" ordinal="11" offset="48" sl="155" sc="13" el="155" ec="80" bec="2" bev="2" fileid="10" />
                <SequencePoint vc="27" uspid="314" ordinal="12" offset="71" sl="156" sc="9" el="156" ec="10" bec="0" bev="0" fileid="10" />
              </SequencePoints>
              <BranchPoints>
                <BranchPoint vc="18" uspid="315" ordinal="0" offset="15" sl="139" path="0" offsetend="17" fileid="10" />
                <BranchPoint vc="9" uspid="316" ordinal="1" offset="15" sl="139" path="1" offsetend="25" fileid="10" />
                <BranchPoint vc="11" uspid="317" ordinal="2" offset="21" sl="139" path="0" offsetchain="23" offsetend="33" fileid="10" />
                <BranchPoint vc="7" uspid="318" ordinal="3" offset="21" sl="139" path="1" offsetend="29" fileid="10" />
                <BranchPoint vc="15" uspid="319" ordinal="4" offset="51" sl="155" path="0" offsetend="53" fileid="10" />
                <BranchPoint vc="12" uspid="320" ordinal="5" offset="51" sl="155" path="1" offsetend="58" fileid="10" />
              </BranchPoints>
              <MethodPoint xsi:type="SequencePoint" vc="27" uspid="302" ordinal="0" offset="0" sl="135" sc="9" el="135" ec="10" bec="0" bev="0" fileid="10" />
            </Method>
            <Method visited="true" cyclomaticComplexity="1" sequenceCoverage="100" branchCoverage="100" isConstructor="false" isStatic="true" isGetter="false" isSetter="false">
              <Summary numSequencePoints="3" visitedSequencePoints="3" numBranchPoints="1" visitedBranchPoints="1" sequenceCoverage="100" branchCoverage="100" maxCyclomaticComplexity="1" minCyclomaticComplexity="1" visitedClasses="0" numClasses="0" visitedMethods="1" numMethods="1" />
              <MetadataToken>100663389</MetadataToken>
              <Name>RiichiSharp.Tile RiichiSharp.TileExtensions::Next(RiichiSharp.Tile)</Name>
              <FileRef uid="10" />
              <SequencePoints>
                <SequencePoint vc="11" uspid="321" ordinal="0" offset="0" sl="159" sc="9" el="159" ec="10" bec="0" bev="0" fileid="10" />
                <SequencePoint vc="11" uspid="322" ordinal="1" offset="1" sl="160" sc="13" el="160" ec="34" bec="0" bev="0" fileid="10" />
                <SequencePoint vc="11" uspid="323" ordinal="2" offset="11" sl="161" sc="9" el="161" ec="10" bec="0" bev="0" fileid="10" />
              </SequencePoints>
              <BranchPoints />
              <MethodPoint xsi:type="SequencePoint" vc="11" uspid="321" ordinal="0" offset="0" sl="159" sc="9" el="159" ec="10" bec="0" bev="0" fileid="10" />
            </Method>
            <Method visited="true" cyclomaticComplexity="1" sequenceCoverage="100" branchCoverage="100" isConstructor="false" isStatic="true" isGetter="false" isSetter="false">
              <Summary numSequencePoints="3" visitedSequencePoints="3" numBranchPoints="1" visitedBranchPoints="1" sequenceCoverage="100" branchCoverage="100" maxCyclomaticComplexity="1" minCyclomaticComplexity="1" visitedClasses="0" numClasses="0" visitedMethods="1" numMethods="1" />
              <MetadataToken>100663390</MetadataToken>
              <Name>RiichiSharp.Tile RiichiSharp.TileExtensions::Previous(RiichiSharp.Tile)</Name>
              <FileRef uid="10" />
              <SequencePoints>
                <SequencePoint vc="11" uspid="324" ordinal="0" offset="0" sl="164" sc="9" el="164" ec="10" bec="0" bev="0" fileid="10" />
                <SequencePoint vc="11" uspid="325" ordinal="1" offset="1" sl="165" sc="13" el="165" ec="35" bec="0" bev="0" fileid="10" />
                <SequencePoint vc="11" uspid="326" ordinal="2" offset="11" sl="166" sc="9" el="166" ec="10" bec="0" bev="0" fileid="10" />
              </SequencePoints>
              <BranchPoints />
              <MethodPoint xsi:type="SequencePoint" vc="11" uspid="324" ordinal="0" offset="0" sl="164" sc="9" el="164" ec="10" bec="0" bev="0" fileid="10" />
            </Method>
            <Method visited="true" cyclomaticComplexity="1" sequenceCoverage="100" branchCoverage="100" isConstructor="false" isStatic="true" isGetter="false" isSetter="false">
              <Summary numSequencePoints="3" visitedSequencePoints="3" numBranchPoints="1" visitedBranchPoints="1" sequenceCoverage="100" branchCoverage="100" maxCyclomaticComplexity="1" minCyclomaticComplexity="1" visitedClasses="0" numClasses="0" visitedMethods="1" numMethods="1" />
              <MetadataToken>100663391</MetadataToken>
              <Name>System.Boolean RiichiSharp.TileExtensions::CanFormSequence(RiichiSharp.Tile)</Name>
              <FileRef uid="10" />
              <SequencePoints>
                <SequencePoint vc="5" uspid="327" ordinal="0" offset="0" sl="169" sc="9" el="169" ec="10" bec="0" bev="0" fileid="10" />
                <SequencePoint vc="5" uspid="328" ordinal="1" offset="1" sl="170" sc="13" el="170" ec="62" bec="0" bev="0" fileid="10" />
                <SequencePoint vc="5" uspid="329" ordinal="2" offset="9" sl="171" sc="9" el="171" ec="10" bec="0" bev="0" fileid="10" />
              </SequencePoints>
              <BranchPoints />
              <MethodPoint xsi:type="SequencePoint" vc="5" uspid="327" ordinal="0" offset="0" sl="169" sc="9" el="169" ec="10" bec="0" bev="0" fileid="10" />
            </Method>
          </Methods>
        </Class>
        <Class>
          <Summary numSequencePoints="4" visitedSequencePoints="0" numBranchPoints="1" visitedBranchPoints="0" sequenceCoverage="0" branchCoverage="0" maxCyclomaticComplexity="1" minCyclomaticComplexity="1" visitedClasses="0" numClasses="1" visitedMethods="0" numMethods="1" />
          <FullName>RiichiSharp.Utilities.LINQExtensions</FullName>
          <Methods>
            <Method visited="false" cyclomaticComplexity="1" sequenceCoverage="0" branchCoverage="0" isConstructor="false" isStatic="true" isGetter="false" isSetter="false">
              <Summary numSequencePoints="4" visitedSequencePoints="0" numBranchPoints="1" visitedBranchPoints="0" sequenceCoverage="0" branchCoverage="0" maxCyclomaticComplexity="1" minCyclomaticComplexity="1" visitedClasses="0" numClasses="0" visitedMethods="0" numMethods="1" />
              <MetadataToken>100663392</MetadataToken>
              <Name>System.Collections.Generic.IEnumerable`1&lt;T&gt; RiichiSharp.Utilities.LINQExtensions::RemoveSequentialDuplicates(System.Collections.Generic.IEnumerable`1&lt;T&gt;)</Name>
              <FileRef uid="13" />
              <SequencePoints>
                <SequencePoint vc="0" uspid="330" ordinal="0" offset="6" sl="33" sc="9" el="33" ec="10" bec="0" bev="0" fileid="13" />
                <SequencePoint vc="0" uspid="331" ordinal="1" offset="7" sl="34" sc="13" el="34" ec="41" bec="0" bev="0" fileid="13" />
                <SequencePoint vc="0" uspid="332" ordinal="2" offset="19" sl="35" sc="13" el="35" ec="78" bec="0" bev="0" fileid="13" />
                <SequencePoint vc="0" uspid="333" ordinal="3" offset="45" sl="36" sc="9" el="36" ec="10" bec="0" bev="0" fileid="13" />
              </SequencePoints>
              <BranchPoints />
              <MethodPoint vc="0" uspid="334" ordinal="0" offset="0" />
            </Method>
          </Methods>
        </Class>
        <Class>
          <Summary numSequencePoints="1" visitedSequencePoints="0" numBranchPoints="3" visitedBranchPoints="0" sequenceCoverage="0" branchCoverage="0" maxCyclomaticComplexity="2" minCyclomaticComplexity="1" visitedClasses="0" numClasses="1" visitedMethods="0" numMethods="1" />
          <FullName>RiichiSharp.Utilities.LINQExtensions/&lt;&gt;c__DisplayClass1`1</FullName>
          <Methods>
            <Method visited="false" cyclomaticComplexity="1" sequenceCoverage="0" branchCoverage="0" isConstructor="true" isStatic="false" isGetter="false" isSetter="false">
              <Summary numSequencePoints="0" visitedSequencePoints="0" numBranchPoints="0" visitedBranchPoints="0" sequenceCoverage="0" branchCoverage="0" maxCyclomaticComplexity="1" minCyclomaticComplexity="1" visitedClasses="0" numClasses="0" visitedMethods="0" numMethods="0" />
              <MetadataToken>100663395</MetadataToken>
              <Name>System.Void RiichiSharp.Utilities.LINQExtensions/&lt;&gt;c__DisplayClass1`1::.ctor()</Name>
              <SequencePoints />
              <BranchPoints />
              <MethodPoint vc="0" uspid="335" ordinal="0" offset="0" />
            </Method>
            <Method visited="false" cyclomaticComplexity="2" sequenceCoverage="0" branchCoverage="0" isConstructor="false" isStatic="false" isGetter="false" isSetter="false">
              <Summary numSequencePoints="1" visitedSequencePoints="0" numBranchPoints="3" visitedBranchPoints="0" sequenceCoverage="0" branchCoverage="0" maxCyclomaticComplexity="2" minCyclomaticComplexity="2" visitedClasses="0" numClasses="0" visitedMethods="0" numMethods="1" />
              <MetadataToken>100663396</MetadataToken>
              <Name>System.Boolean RiichiSharp.Utilities.LINQExtensions/&lt;&gt;c__DisplayClass1`1::&lt;RemoveSequentialDuplicates&gt;b__0(T,System.Int32)</Name>
              <FileRef uid="13" />
              <SequencePoints>
                <SequencePoint vc="0" uspid="336" ordinal="0" offset="0" sl="35" sc="42" el="35" ec="76" bec="2" bev="0" fileid="13" />
              </SequencePoints>
              <BranchPoints>
                <BranchPoint vc="0" uspid="337" ordinal="0" offset="1" sl="35" path="0" offsetend="3" fileid="13" />
                <BranchPoint vc="0" uspid="338" ordinal="1" offset="1" sl="35" path="1" offsetend="38" fileid="13" />
              </BranchPoints>
              <MethodPoint xsi:type="SequencePoint" vc="0" uspid="336" ordinal="0" offset="0" sl="35" sc="42" el="35" ec="76" bec="2" bev="0" fileid="13" />
            </Method>
          </Methods>
        </Class>
      </Classes>
    </Module>
    <Module skippedDueTo="Filter" hash="F2-ED-FF-09-01-C9-D7-BC-29-AC-A6-93-C5-97-8A-0D-43-DD-8D-F2">
      <FullName>K:\workbench\programming\c#\Riichi.NET\packages\NUnit.Runners.2.6.4\tools\lib\nunit-console-runner.dll</FullName>
      <ModuleName>nunit-console-runner</ModuleName>
      <Classes />
    </Module>
    <Module skippedDueTo="Filter" hash="E0-F1-79-63-0F-43-2B-D0-42-64-3B-65-A6-A2-45-73-1F-DD-FC-3F">
      <FullName>C:\Windows\Microsoft.Net\assembly\GAC_MSIL\System.Runtime.Remoting\v4.0_4.0.0.0__b77a5c561934e089\System.Runtime.Remoting.dll</FullName>
      <ModuleName>System.Runtime.Remoting</ModuleName>
      <Classes />
    </Module>
    <Module skippedDueTo="Filter" hash="AD-56-8F-5F-20-FC-6D-01-BA-F5-88-25-06-84-53-56-62-E9-A7-DA">
      <FullName>C:\Windows\Microsoft.Net\assembly\GAC_MSIL\System.Configuration\v4.0_4.0.0.0__b03f5f7f11d50a3a\System.Configuration.dll</FullName>
      <ModuleName>System.Configuration</ModuleName>
      <Classes />
    </Module>
    <Module skippedDueTo="Filter" hash="B7-10-4F-1B-6D-57-21-B9-85-03-68-4E-D4-19-A6-00-93-3C-4E-7D">
      <FullName>C:\Windows\Microsoft.Net\assembly\GAC_MSIL\System.Core\v4.0_4.0.0.0__b77a5c561934e089\System.Core.dll</FullName>
      <ModuleName>System.Core</ModuleName>
      <Classes />
    </Module>
  </Modules>
</CoverageSession>